{"level":"error","message":"FRONTPAD_SECRET is not defined in environment variables","timestamp":"2025-05-09T21:15:55.136Z"}
{"error":"SQLITE_ERROR: table orders has no column named frontpad_order_id","level":"error","message":"Database error inserting order for nnovgorod","stack":"Error: SQLITE_ERROR: table orders has no column named frontpad_order_id","timestamp":"2025-05-09T21:15:55.141Z"}
{"level":"error","message":"FRONTPAD_SECRET is not defined in environment variables","timestamp":"2025-05-09T21:15:57.209Z"}
{"error":"SQLITE_ERROR: table orders has no column named frontpad_order_id","level":"error","message":"Database error inserting order for nnovgorod","stack":"Error: SQLITE_ERROR: table orders has no column named frontpad_order_id","timestamp":"2025-05-09T21:15:57.225Z"}
{"level":"error","message":"FRONTPAD_SECRET is not defined in environment variables","timestamp":"2025-05-09T21:15:59.291Z"}
{"error":"SQLITE_ERROR: table orders has no column named frontpad_order_id","level":"error","message":"Database error inserting order for nnovgorod","stack":"Error: SQLITE_ERROR: table orders has no column named frontpad_order_id","timestamp":"2025-05-09T21:15:59.298Z"}
{"level":"error","message":"404 Not Found: GET /nnovgorod/css/photo/header/%D0%BA%D1%80%D0%B5%D1%81%D1%82%D0%B8%D0%BA.png","timestamp":"2025-05-10T09:02:41.672Z"}
{"level":"error","message":"404 Not Found: GET /nnovgorod/css/photo/header/%D0%BA%D1%80%D0%B5%D1%81%D1%82%D0%B8%D0%BA.png","timestamp":"2025-05-10T09:18:24.782Z"}
{"level":"error","message":"404 Not Found: GET /nnovgorod/css/photo/header/%D0%BA%D1%80%D0%B5%D1%81%D1%82%D0%B8%D0%BA.png","timestamp":"2025-05-10T09:19:08.313Z"}
{"level":"error","message":"404 Not Found: GET /nnovgorod/css/photo/header/%D0%BA%D1%80%D0%B5%D1%81%D1%82%D0%B8%D0%BA.png","timestamp":"2025-05-10T09:41:27.465Z"}
{"level":"error","message":"404 Not Found: GET /nnovgorod/css/photo/header/%D0%BA%D1%80%D0%B5%D1%81%D1%82%D0%B8%D0%BA.png","timestamp":"2025-05-10T09:45:27.497Z"}
{"level":"error","message":"404 Not Found: GET /nnovgorod/css/photo/header/%D0%BA%D1%80%D0%B5%D1%81%D1%82%D0%B8%D0%BA.png","timestamp":"2025-05-10T10:13:04.829Z"}
{"level":"error","message":"404 Not Found: GET /nnovgorod/css/photo/header/%D0%BA%D1%80%D0%B5%D1%81%D1%82%D0%B8%D0%BA.png","timestamp":"2025-05-10T10:16:32.051Z"}
{"level":"error","message":"404 Not Found: GET /.well-known/appspecific/com.chrome.devtools.json","timestamp":"2025-05-11T09:05:50.769Z"}
{"level":"error","message":"FRONTPAD_SECRET_KOVROV not set in environment","timestamp":"2025-05-11T09:06:42.066Z"}
{"city":"kovrov","level":"error","message":"No Frontpad secret defined for city","timestamp":"2025-05-11T09:06:42.067Z"}
{"level":"error","message":"404 Not Found: GET /kovrov/css/photo/header/%D0%BA%D1%80%D0%B5%D1%81%D1%82%D0%B8%D0%BA.png","timestamp":"2025-05-11T09:09:03.453Z"}
{"level":"error","message":"FRONTPAD_SECRET_KOVROV not set in environment","timestamp":"2025-05-11T09:09:32.383Z"}
{"city":"kovrov","level":"error","message":"No Frontpad secret defined for city","timestamp":"2025-05-11T09:09:32.385Z"}
{"level":"error","message":"404 Not Found: GET /.well-known/appspecific/com.chrome.devtools.json","timestamp":"2025-05-11T09:10:21.949Z"}
{"level":"error","message":"404 Not Found: GET /.well-known/appspecific/com.chrome.devtools.json","timestamp":"2025-05-11T09:17:41.565Z"}
{"level":"error","message":"404 Not Found: GET /.well-known/appspecific/com.chrome.devtools.json","timestamp":"2025-05-11T09:20:37.092Z"}
{"level":"error","message":"404 Not Found: GET /.well-known/appspecific/com.chrome.devtools.json","timestamp":"2025-05-11T09:21:30.722Z"}
{"level":"error","message":"404 Not Found: GET /.well-known/appspecific/com.chrome.devtools.json","timestamp":"2025-05-11T09:26:28.838Z"}
{"level":"error","message":"404 Not Found: GET /.well-known/appspecific/com.chrome.devtools.json","timestamp":"2025-05-11T09:30:50.117Z"}
{"level":"error","message":"404 Not Found: GET /.well-known/appspecific/com.chrome.devtools.json","timestamp":"2025-05-11T09:33:48.363Z"}
{"level":"error","message":"404 Not Found: GET /.well-known/appspecific/com.chrome.devtools.json","timestamp":"2025-05-11T09:45:02.047Z"}
{"level":"error","message":"404 Not Found: GET /.well-known/appspecific/com.chrome.devtools.json","timestamp":"2025-05-11T09:45:51.520Z"}
{"level":"error","message":"404 Not Found: GET /.well-known/appspecific/com.chrome.devtools.json","timestamp":"2025-05-11T09:47:18.691Z"}
{"level":"error","message":"404 Not Found: GET /.well-known/appspecific/com.chrome.devtools.json","timestamp":"2025-05-11T09:53:22.444Z"}
{"level":"error","message":"404 Not Found: GET /.well-known/appspecific/com.chrome.devtools.json","timestamp":"2025-05-11T09:56:00.539Z"}
{"level":"error","message":"404 Not Found: GET /.well-known/appspecific/com.chrome.devtools.json","timestamp":"2025-05-11T09:56:26.285Z"}
{"level":"error","message":"404 Not Found: GET /.well-known/appspecific/com.chrome.devtools.json","timestamp":"2025-05-11T09:59:24.160Z"}
{"level":"error","message":"404 Not Found: GET /.well-known/appspecific/com.chrome.devtools.json","timestamp":"2025-05-11T10:00:05.584Z"}
{"level":"error","message":"404 Not Found: GET /.well-known/appspecific/com.chrome.devtools.json","timestamp":"2025-05-11T10:02:21.488Z"}
{"level":"error","message":"404 Not Found: GET /.well-known/appspecific/com.chrome.devtools.json","timestamp":"2025-05-11T10:05:02.693Z"}
{"level":"error","message":"404 Not Found: GET /.well-known/appspecific/com.chrome.devtools.json","timestamp":"2025-05-11T10:05:55.883Z"}
{"level":"error","message":"404 Not Found: GET /.well-known/appspecific/com.chrome.devtools.json","timestamp":"2025-05-11T10:08:38.467Z"}
{"level":"error","message":"404 Not Found: GET /.well-known/appspecific/com.chrome.devtools.json","timestamp":"2025-05-11T10:11:52.317Z"}
{"level":"error","message":"404 Not Found: GET /cdn-cgi/scripts/5c5dd728/cloudflare-static/email-decode.min.js","timestamp":"2025-05-12T12:18:10.601Z"}
{"level":"error","message":"404 Not Found: GET /cdn-cgi/scripts/5c5dd728/cloudflare-static/email-decode.min.js","timestamp":"2025-05-12T12:18:14.455Z"}
{"level":"error","message":"404 Not Found: GET /cdn-cgi/scripts/5c5dd728/cloudflare-static/email-decode.min.js","timestamp":"2025-05-12T12:23:25.690Z"}
{"level":"error","message":"404 Not Found: GET /cdn-cgi/scripts/5c5dd728/cloudflare-static/email-decode.min.js","timestamp":"2025-05-12T12:23:50.922Z"}
{"level":"error","message":"404 Not Found: GET /.well-known/appspecific/com.chrome.devtools.json","timestamp":"2025-05-12T12:25:08.871Z"}
{"level":"error","message":"404 Not Found: GET /nnovgorod/css/photo/header/%D0%BA%D1%80%D0%B5%D1%81%D1%82%D0%B8%D0%BA.png","timestamp":"2025-05-12T12:42:08.459Z"}
{"level":"error","message":"404 Not Found: GET /.well-known/appspecific/com.chrome.devtools.json","timestamp":"2025-05-12T12:42:25.426Z"}
{"level":"error","message":"404 Not Found: GET /cdn-cgi/scripts/5c5dd728/cloudflare-static/email-decode.min.js","timestamp":"2025-05-12T12:42:25.747Z"}
{"level":"error","message":"404 Not Found: GET /.well-known/appspecific/com.chrome.devtools.json","timestamp":"2025-05-12T12:48:29.157Z"}
{"level":"error","message":"404 Not Found: GET /cdn-cgi/scripts/5c5dd728/cloudflare-static/email-decode.min.js","timestamp":"2025-05-12T12:48:29.476Z"}
{"level":"error","message":"404 Not Found: GET /.well-known/appspecific/com.chrome.devtools.json","timestamp":"2025-05-12T12:49:22.312Z"}
{"level":"error","message":"404 Not Found: GET /cdn-cgi/scripts/5c5dd728/cloudflare-static/email-decode.min.js","timestamp":"2025-05-12T12:49:22.777Z"}
{"level":"error","message":"404 Not Found: GET /.well-known/appspecific/com.chrome.devtools.json","timestamp":"2025-05-12T12:49:57.734Z"}
{"level":"error","message":"404 Not Found: GET /kovrov/css/photo/header/%D0%BA%D1%80%D0%B5%D1%81%D1%82%D0%B8%D0%BA.png","timestamp":"2025-05-12T13:25:35.313Z"}
{"level":"error","message":"404 Not Found: GET /cdn-cgi/scripts/5c5dd728/cloudflare-static/email-decode.min.js","timestamp":"2025-05-12T17:18:32.338Z"}
{"level":"error","message":"404 Not Found: GET /cdn-cgi/scripts/5c5dd728/cloudflare-static/email-decode.min.js","timestamp":"2025-05-12T17:38:29.529Z"}
{"level":"error","message":"404 Not Found: GET /.well-known/appspecific/com.chrome.devtools.json","timestamp":"2025-05-12T17:38:44.702Z"}
{"level":"error","message":"404 Not Found: GET /.well-known/appspecific/com.chrome.devtools.json","timestamp":"2025-05-12T17:40:48.316Z"}
{"level":"error","message":"404 Not Found: GET /cdn-cgi/scripts/5c5dd728/cloudflare-static/email-decode.min.js","timestamp":"2025-05-12T17:40:48.744Z"}
{"level":"error","message":"404 Not Found: GET /.well-known/appspecific/com.chrome.devtools.json","timestamp":"2025-05-12T17:41:23.733Z"}
{"level":"error","message":"404 Not Found: GET /cdn-cgi/scripts/5c5dd728/cloudflare-static/email-decode.min.js","timestamp":"2025-05-12T17:41:24.089Z"}
{"level":"error","message":"404 Not Found: GET /.well-known/appspecific/com.chrome.devtools.json","timestamp":"2025-05-12T17:47:48.623Z"}
{"level":"error","message":"404 Not Found: GET /cdn-cgi/scripts/5c5dd728/cloudflare-static/email-decode.min.js","timestamp":"2025-05-12T17:47:48.881Z"}
{"level":"error","message":"404 Not Found: GET /.well-known/appspecific/com.chrome.devtools.json","timestamp":"2025-05-12T17:50:48.056Z"}
{"level":"error","message":"404 Not Found: GET /cdn-cgi/scripts/5c5dd728/cloudflare-static/email-decode.min.js","timestamp":"2025-05-12T17:50:48.350Z"}
{"level":"error","message":"404 Not Found: GET /.well-known/appspecific/com.chrome.devtools.json","timestamp":"2025-05-12T17:54:14.109Z"}
{"level":"error","message":"404 Not Found: GET /cdn-cgi/scripts/5c5dd728/cloudflare-static/email-decode.min.js","timestamp":"2025-05-12T17:54:14.300Z"}
{"level":"error","message":"404 Not Found: GET /.well-known/appspecific/com.chrome.devtools.json","timestamp":"2025-05-12T17:54:56.851Z"}
{"level":"error","message":"404 Not Found: GET /cdn-cgi/scripts/5c5dd728/cloudflare-static/email-decode.min.js","timestamp":"2025-05-12T17:54:57.082Z"}
{"level":"error","message":"404 Not Found: GET /.well-known/appspecific/com.chrome.devtools.json","timestamp":"2025-05-12T17:56:19.545Z"}
{"level":"error","message":"404 Not Found: GET /cdn-cgi/scripts/5c5dd728/cloudflare-static/email-decode.min.js","timestamp":"2025-05-12T17:56:19.878Z"}
{"level":"error","message":"404 Not Found: GET /.well-known/appspecific/com.chrome.devtools.json","timestamp":"2025-05-12T17:57:33.878Z"}
{"level":"error","message":"404 Not Found: GET /cdn-cgi/scripts/5c5dd728/cloudflare-static/email-decode.min.js","timestamp":"2025-05-12T17:57:34.343Z"}
{"level":"error","message":"404 Not Found: GET /cdn-cgi/scripts/5c5dd728/cloudflare-static/email-decode.min.js","timestamp":"2025-05-12T17:58:07.734Z"}
{"level":"error","message":"404 Not Found: GET /.well-known/appspecific/com.chrome.devtools.json","timestamp":"2025-05-12T17:58:17.195Z"}
{"level":"error","message":"404 Not Found: GET /cdn-cgi/scripts/5c5dd728/cloudflare-static/email-decode.min.js","timestamp":"2025-05-12T18:02:17.065Z"}
{"level":"error","message":"404 Not Found: GET /.well-known/appspecific/com.chrome.devtools.json","timestamp":"2025-05-12T18:02:26.775Z"}
{"level":"error","message":"404 Not Found: GET /cdn-cgi/scripts/5c5dd728/cloudflare-static/email-decode.min.js","timestamp":"2025-05-12T18:04:50.846Z"}
{"level":"error","message":"404 Not Found: GET /cdn-cgi/scripts/5c5dd728/cloudflare-static/email-decode.min.js","timestamp":"2025-05-12T18:06:17.021Z"}
{"level":"error","message":"404 Not Found: GET /cdn-cgi/scripts/5c5dd728/cloudflare-static/email-decode.min.js","timestamp":"2025-05-12T18:28:34.666Z"}
{"level":"error","message":"FRONTPAD_SECRET_NNOVGOROD not set in environment","timestamp":"2025-05-12T18:29:42.128Z"}
{"city":"nnovgorod","level":"error","message":"No Frontpad secret defined for city","timestamp":"2025-05-12T18:29:42.129Z"}
{"level":"error","message":"404 Not Found: GET /.well-known/appspecific/com.chrome.devtools.json","timestamp":"2025-05-12T18:29:47.387Z"}
{"level":"error","message":"FRONTPAD_SECRET_NNOVGOROD not set in environment","timestamp":"2025-05-12T18:31:05.097Z"}
{"city":"nnovgorod","level":"error","message":"No Frontpad secret defined for city","timestamp":"2025-05-12T18:31:05.098Z"}
{"level":"error","message":"404 Not Found: GET /photo/%D0%B0%D0%BA%D1%86%D0%B8%D0%B8/%D0%B0%D0%BA%D1%86%D0%B8%D1%8F1.jpg","timestamp":"2025-05-13T13:30:48.779Z"}
{"level":"error","message":"404 Not Found: GET /photo/%D0%B0%D0%BA%D1%86%D0%B8%D0%B8/%D0%B0%D0%BA%D1%86%D0%B8%D1%8F2.jpg","timestamp":"2025-05-13T13:30:48.789Z"}
{"level":"error","message":"404 Not Found: GET /photo/%D0%B0%D0%BA%D1%86%D0%B8%D0%B8/%D0%B0%D0%BA%D1%86%D0%B8%D1%8F3.jpg","timestamp":"2025-05-13T13:30:48.799Z"}
{"level":"error","message":"404 Not Found: GET /photo/%D0%B0%D0%BA%D1%86%D0%B8%D0%B8/%D0%B0%D0%BA%D1%86%D0%B8%D1%8F4.jpg","timestamp":"2025-05-13T13:30:48.802Z"}
{"level":"error","message":"404 Not Found: GET /photo/%D1%82%D0%BE%D0%B2%D0%B0%D1%80%D1%8B/kvart.webp","timestamp":"2025-05-13T13:30:48.843Z"}
{"level":"error","message":"404 Not Found: GET /photo/%D1%82%D0%BE%D0%B2%D0%B0%D1%80%D1%8B/miniset1.webp","timestamp":"2025-05-13T13:30:48.852Z"}
{"level":"error","message":"404 Not Found: GET /photo/%D1%82%D0%BE%D0%B2%D0%B0%D1%80%D1%8B/miniset2.webp","timestamp":"2025-05-13T13:30:48.864Z"}
{"level":"error","message":"404 Not Found: GET /photo/%D1%82%D0%BE%D0%B2%D0%B0%D1%80%D1%8B/miniset3.webp","timestamp":"2025-05-13T13:30:48.874Z"}
{"level":"error","message":"404 Not Found: GET /photo/%D1%82%D0%BE%D0%B2%D0%B0%D1%80%D1%8B/classik.webp","timestamp":"2025-05-13T13:30:48.879Z"}
{"level":"error","message":"404 Not Found: GET /photo/%D1%82%D0%BE%D0%B2%D0%B0%D1%80%D1%8B/molod.webp","timestamp":"2025-05-13T13:30:48.886Z"}
{"level":"error","message":"404 Not Found: GET /photo/%D1%82%D0%BE%D0%B2%D0%B0%D1%80%D1%8B/blazhenstvo.webp","timestamp":"2025-05-13T13:30:48.894Z"}
{"level":"error","message":"404 Not Found: GET /photo/%D1%82%D0%BE%D0%B2%D0%B0%D1%80%D1%8B/vega.webp","timestamp":"2025-05-13T13:30:48.906Z"}
{"level":"error","message":"404 Not Found: GET /photo/%D1%82%D0%BE%D0%B2%D0%B0%D1%80%D1%8B/lajk.webp","timestamp":"2025-05-13T13:30:48.910Z"}
{"level":"error","message":"404 Not Found: GET /photo/%D1%82%D0%BE%D0%B2%D0%B0%D1%80%D1%8B/sit.webp","timestamp":"2025-05-13T13:30:48.916Z"}
{"level":"error","message":"404 Not Found: GET /photo/%D1%82%D0%BE%D0%B2%D0%B0%D1%80%D1%8B/susiset.webp","timestamp":"2025-05-13T13:30:48.923Z"}
{"level":"error","message":"404 Not Found: GET /photo/%D1%82%D0%BE%D0%B2%D0%B0%D1%80%D1%8B/nezhnost.webp","timestamp":"2025-05-13T13:30:48.934Z"}
{"level":"error","message":"404 Not Found: GET /photo/%D1%82%D0%BE%D0%B2%D0%B0%D1%80%D1%8B/prelest.webp","timestamp":"2025-05-13T13:30:48.941Z"}
{"level":"error","message":"404 Not Found: GET /photo/%D1%82%D0%BE%D0%B2%D0%B0%D1%80%D1%8B/tempura.webp","timestamp":"2025-05-13T13:30:48.946Z"}
{"level":"error","message":"404 Not Found: GET /photo/%D1%82%D0%BE%D0%B2%D0%B0%D1%80%D1%8B/orion.webp","timestamp":"2025-05-13T13:30:48.948Z"}
{"level":"error","message":"404 Not Found: GET /photo/%D1%82%D0%BE%D0%B2%D0%B0%D1%80%D1%8B/letnij.webp","timestamp":"2025-05-13T13:30:48.953Z"}
{"level":"error","message":"404 Not Found: GET /photo/%D1%82%D0%BE%D0%B2%D0%B0%D1%80%D1%8B/naslazhdenie.webp","timestamp":"2025-05-13T13:30:48.958Z"}
{"level":"error","message":"404 Not Found: GET /photo/%D1%82%D0%BE%D0%B2%D0%B0%D1%80%D1%8B/cezarpati.webp","timestamp":"2025-05-13T13:30:48.963Z"}
{"level":"error","message":"404 Not Found: GET /photo/%D1%82%D0%BE%D0%B2%D0%B0%D1%80%D1%8B/dnevnoj.webp","timestamp":"2025-05-13T13:30:48.967Z"}
{"level":"error","message":"404 Not Found: GET /photo/%D1%82%D0%BE%D0%B2%D0%B0%D1%80%D1%8B/zhelanie.webp","timestamp":"2025-05-13T13:30:48.969Z"}
{"level":"error","message":"404 Not Found: GET /photo/%D1%82%D0%BE%D0%B2%D0%B0%D1%80%D1%8B/jekstazmini.webp","timestamp":"2025-05-13T13:30:48.978Z"}
{"level":"error","message":"404 Not Found: GET /photo/%D1%82%D0%BE%D0%B2%D0%B0%D1%80%D1%8B/jara.webp","timestamp":"2025-05-13T13:30:48.987Z"}
{"level":"error","message":"404 Not Found: GET /photo/%D1%82%D0%BE%D0%B2%D0%B0%D1%80%D1%8B/jejforija.webp","timestamp":"2025-05-13T13:30:48.992Z"}
{"level":"error","message":"404 Not Found: GET /photo/%D1%82%D0%BE%D0%B2%D0%B0%D1%80%D1%8B/simfonija.webp","timestamp":"2025-05-13T13:30:49.002Z"}
{"level":"error","message":"404 Not Found: GET /photo/%D1%82%D0%BE%D0%B2%D0%B0%D1%80%D1%8B/osennij.webp","timestamp":"2025-05-13T13:30:49.007Z"}
{"level":"error","message":"404 Not Found: GET /photo/%D1%82%D0%BE%D0%B2%D0%B0%D1%80%D1%8B/ocharovanie.webp","timestamp":"2025-05-13T13:30:49.011Z"}
{"level":"error","message":"404 Not Found: GET /photo/%D1%82%D0%BE%D0%B2%D0%B0%D1%80%D1%8B/simpatija.webp","timestamp":"2025-05-13T13:30:49.012Z"}
{"level":"error","message":"404 Not Found: GET /photo/%D1%82%D0%BE%D0%B2%D0%B0%D1%80%D1%8B/torzhestvo.webp","timestamp":"2025-05-13T13:30:49.020Z"}
{"level":"error","message":"404 Not Found: GET /photo/%D1%82%D0%BE%D0%B2%D0%B0%D1%80%D1%8B/s_kopchenym_lososem.webp","timestamp":"2025-05-13T13:30:49.025Z"}
{"level":"error","message":"404 Not Found: GET /photo/%D1%82%D0%BE%D0%B2%D0%B0%D1%80%D1%8B/filpati.webp","timestamp":"2025-05-13T13:30:49.030Z"}
{"level":"error","message":"404 Not Found: GET /photo/%D1%82%D0%BE%D0%B2%D0%B0%D1%80%D1%8B/shikarnyj.webp","timestamp":"2025-05-13T13:30:49.034Z"}
{"level":"error","message":"404 Not Found: GET /photo/%D1%82%D0%BE%D0%B2%D0%B0%D1%80%D1%8B/zap_kalif_krab.webp","timestamp":"2025-05-13T13:30:49.037Z"}
{"level":"error","message":"404 Not Found: GET /photo/%D1%82%D0%BE%D0%B2%D0%B0%D1%80%D1%8B/s_tuncom.webp","timestamp":"2025-05-13T13:30:49.046Z"}
{"level":"error","message":"404 Not Found: GET /photo/%D1%82%D0%BE%D0%B2%D0%B0%D1%80%D1%8B/vkusnjashka.webp","timestamp":"2025-05-13T13:30:49.051Z"}
{"level":"error","message":"404 Not Found: GET /photo/%D1%82%D0%BE%D0%B2%D0%B0%D1%80%D1%8B/dublemram.webp","timestamp":"2025-05-13T13:30:49.055Z"}
{"level":"error","message":"404 Not Found: GET /photo/%D1%82%D0%BE%D0%B2%D0%B0%D1%80%D1%8B/kraken.webp","timestamp":"2025-05-13T13:30:49.058Z"}
{"level":"error","message":"404 Not Found: GET /photo/%D1%82%D0%BE%D0%B2%D0%B0%D1%80%D1%8B/dublesens.webp","timestamp":"2025-05-13T13:30:49.065Z"}
{"level":"error","message":"404 Not Found: GET /photo/%D1%82%D0%BE%D0%B2%D0%B0%D1%80%D1%8B/susilike332.webp","timestamp":"2025-05-13T13:30:49.071Z"}
{"level":"error","message":"404 Not Found: GET /photo/%D1%82%D0%BE%D0%B2%D0%B0%D1%80%D1%8B/dublefil.webp","timestamp":"2025-05-13T13:30:49.079Z"}
{"level":"error","message":"404 Not Found: GET /photo/%D1%82%D0%BE%D0%B2%D0%B0%D1%80%D1%8B/s_krevetkoj.webp","timestamp":"2025-05-13T13:30:49.081Z"}
{"level":"error","message":"404 Not Found: GET /photo/%D1%82%D0%BE%D0%B2%D0%B0%D1%80%D1%8B/mramornyj_s_lososem.webp","timestamp":"2025-05-13T13:30:49.084Z"}
{"level":"error","message":"404 Not Found: GET /photo/%D1%82%D0%BE%D0%B2%D0%B0%D1%80%D1%8B/s_lososem.webp","timestamp":"2025-05-13T13:30:49.090Z"}
{"level":"error","message":"404 Not Found: GET /photo/%D1%82%D0%BE%D0%B2%D0%B0%D1%80%D1%8B/s_chukkoj.webp","timestamp":"2025-05-13T13:30:49.102Z"}
{"level":"error","message":"404 Not Found: GET /photo/%D1%82%D0%BE%D0%B2%D0%B0%D1%80%D1%8B/madagaskar.webp","timestamp":"2025-05-13T13:30:49.105Z"}
{"level":"error","message":"404 Not Found: GET /photo/%D1%82%D0%BE%D0%B2%D0%B0%D1%80%D1%8B/vegas.webp","timestamp":"2025-05-13T13:30:49.106Z"}
{"level":"error","message":"404 Not Found: GET /photo/%D1%82%D0%BE%D0%B2%D0%B0%D1%80%D1%8B/pumba.webp","timestamp":"2025-05-13T13:30:49.110Z"}
{"level":"error","message":"404 Not Found: GET /photo/%D1%82%D0%BE%D0%B2%D0%B0%D1%80%D1%8B/fudzhi.webp","timestamp":"2025-05-13T13:30:49.115Z"}
{"level":"error","message":"404 Not Found: GET /photo/%D1%82%D0%BE%D0%B2%D0%B0%D1%80%D1%8B/gorjachaja_filadelfija.webp","timestamp":"2025-05-13T13:30:49.120Z"}
{"level":"error","message":"404 Not Found: GET /photo/%D1%82%D0%BE%D0%B2%D0%B0%D1%80%D1%8B/lava.webp","timestamp":"2025-05-13T13:30:49.125Z"}
{"level":"error","message":"404 Not Found: GET /photo/%D1%82%D0%BE%D0%B2%D0%B0%D1%80%D1%8B/gorjachij_detrojt.webp","timestamp":"2025-05-13T13:30:49.131Z"}
{"level":"error","message":"404 Not Found: GET /photo/%D1%82%D0%BE%D0%B2%D0%B0%D1%80%D1%8B/mramornyj.webp","timestamp":"2025-05-13T13:30:49.136Z"}
{"level":"error","message":"404 Not Found: GET /photo/%D1%82%D0%BE%D0%B2%D0%B0%D1%80%D1%8B/gorjachij_chiken.webp","timestamp":"2025-05-13T13:30:49.142Z"}
{"level":"error","message":"404 Not Found: GET /photo/%D1%82%D0%BE%D0%B2%D0%B0%D1%80%D1%8B/ratatuj.webp","timestamp":"2025-05-13T13:30:49.144Z"}
{"level":"error","message":"404 Not Found: GET /photo/%D1%82%D0%BE%D0%B2%D0%B0%D1%80%D1%8B/klassicheskij_s_lososem.webp","timestamp":"2025-05-13T13:30:49.146Z"}
{"level":"error","message":"404 Not Found: GET /photo/%D1%82%D0%BE%D0%B2%D0%B0%D1%80%D1%8B/klassicheskij_s_lososem_i_sliv_syrom.webp","timestamp":"2025-05-13T13:30:49.149Z"}
{"level":"error","message":"404 Not Found: GET /photo/%D1%82%D0%BE%D0%B2%D0%B0%D1%80%D1%8B/klassicheskij_s_kalmarom_ostryj.webp","timestamp":"2025-05-13T13:30:49.154Z"}
{"level":"error","message":"404 Not Found: GET /photo/%D1%82%D0%BE%D0%B2%D0%B0%D1%80%D1%8B/magma.webp","timestamp":"2025-05-13T13:30:49.158Z"}
{"level":"error","message":"404 Not Found: GET /photo/%D1%82%D0%BE%D0%B2%D0%B0%D1%80%D1%8B/klassicheskij_s_kopchenym_lososem.webp","timestamp":"2025-05-13T13:30:49.166Z"}
{"level":"error","message":"404 Not Found: GET /photo/%D1%82%D0%BE%D0%B2%D0%B0%D1%80%D1%8B/klassicheskij_s_krevetkoj_i_sliv_syrom.webp","timestamp":"2025-05-13T13:30:49.174Z"}
{"level":"error","message":"404 Not Found: GET /photo/%D1%82%D0%BE%D0%B2%D0%B0%D1%80%D1%8B/roll_s_ogurcom.webp","timestamp":"2025-05-13T13:30:49.178Z"}
{"level":"error","message":"404 Not Found: GET /photo/%D1%82%D0%BE%D0%B2%D0%B0%D1%80%D1%8B/sochniy.webp","timestamp":"2025-05-13T13:30:49.180Z"}
{"level":"error","message":"404 Not Found: GET /photo/%D1%82%D0%BE%D0%B2%D0%B0%D1%80%D1%8B/klassicheskij_s_krevetkoj.webp","timestamp":"2025-05-13T13:30:49.183Z"}
{"level":"error","message":"404 Not Found: GET /photo/%D1%82%D0%BE%D0%B2%D0%B0%D1%80%D1%8B/dvojnoj_fjuzhen.webp","timestamp":"2025-05-13T13:30:49.185Z"}
{"level":"error","message":"404 Not Found: GET /photo/%D1%82%D0%BE%D0%B2%D0%B0%D1%80%D1%8B/dublesliv.webp","timestamp":"2025-05-13T13:30:49.189Z"}
{"level":"error","message":"404 Not Found: GET /photo/%D1%82%D0%BE%D0%B2%D0%B0%D1%80%D1%8B/filadelfija_s_ogurcom.webp","timestamp":"2025-05-13T13:30:49.195Z"}
{"level":"error","message":"404 Not Found: GET /photo/%D1%82%D0%BE%D0%B2%D0%B0%D1%80%D1%8B/filadelfija_lajt.webp","timestamp":"2025-05-13T13:30:49.202Z"}
{"level":"error","message":"404 Not Found: GET /photo/%D1%82%D0%BE%D0%B2%D0%B0%D1%80%D1%8B/boston.webp","timestamp":"2025-05-13T13:30:49.206Z"}
{"level":"error","message":"404 Not Found: GET /photo/%D1%82%D0%BE%D0%B2%D0%B0%D1%80%D1%8B/sensej.webp","timestamp":"2025-05-13T13:30:49.208Z"}
{"level":"error","message":"404 Not Found: GET /photo/%D1%82%D0%BE%D0%B2%D0%B0%D1%80%D1%8B/tehas.webp","timestamp":"2025-05-13T13:30:49.216Z"}
{"level":"error","message":"404 Not Found: GET /photo/%D1%82%D0%BE%D0%B2%D0%B0%D1%80%D1%8B/kalifornija_s_krevetkami.webp","timestamp":"2025-05-13T13:30:49.219Z"}
{"level":"error","message":"404 Not Found: GET /photo/%D1%82%D0%BE%D0%B2%D0%B0%D1%80%D1%8B/ebi.webp","timestamp":"2025-05-13T13:30:49.220Z"}
{"level":"error","message":"404 Not Found: GET /photo/%D1%82%D0%BE%D0%B2%D0%B0%D1%80%D1%8B/detrojt.webp","timestamp":"2025-05-13T13:30:49.220Z"}
{"level":"error","message":"404 Not Found: GET /photo/%D1%82%D0%BE%D0%B2%D0%B0%D1%80%D1%8B/bali_maki.webp","timestamp":"2025-05-13T13:30:49.221Z"}
{"level":"error","message":"404 Not Found: GET /photo/%D1%82%D0%BE%D0%B2%D0%B0%D1%80%D1%8B/slivochnyj.webp","timestamp":"2025-05-13T13:30:49.222Z"}
{"level":"error","message":"404 Not Found: GET /photo/%D1%82%D0%BE%D0%B2%D0%B0%D1%80%D1%8B/gorjachij_losos.webp","timestamp":"2025-05-13T13:30:49.222Z"}
{"level":"error","message":"404 Not Found: GET /photo/%D1%82%D0%BE%D0%B2%D0%B0%D1%80%D1%8B/gurman.webp","timestamp":"2025-05-13T13:30:49.223Z"}
{"level":"error","message":"404 Not Found: GET /photo/%D1%82%D0%BE%D0%B2%D0%B0%D1%80%D1%8B/arizona.webp","timestamp":"2025-05-13T13:30:49.224Z"}
{"level":"error","message":"404 Not Found: GET /photo/%D1%82%D0%BE%D0%B2%D0%B0%D1%80%D1%8B/kunsej.webp","timestamp":"2025-05-13T13:30:49.225Z"}
{"level":"error","message":"404 Not Found: GET /photo/%D1%82%D0%BE%D0%B2%D0%B0%D1%80%D1%8B/grin.webp","timestamp":"2025-05-13T13:30:49.226Z"}
{"level":"error","message":"404 Not Found: GET /photo/%D1%82%D0%BE%D0%B2%D0%B0%D1%80%D1%8B/florida.webp","timestamp":"2025-05-13T13:30:49.227Z"}
{"level":"error","message":"404 Not Found: GET /photo/%D1%82%D0%BE%D0%B2%D0%B0%D1%80%D1%8B/meksikanskij.webp","timestamp":"2025-05-13T13:30:49.228Z"}
{"level":"error","message":"404 Not Found: GET /photo/%D1%82%D0%BE%D0%B2%D0%B0%D1%80%D1%8B/chick.webp","timestamp":"2025-05-13T13:30:49.229Z"}
{"level":"error","message":"404 Not Found: GET /photo/%D1%82%D0%BE%D0%B2%D0%B0%D1%80%D1%8B/bonito.webp","timestamp":"2025-05-13T13:30:49.229Z"}
{"level":"error","message":"404 Not Found: GET /photo/%D1%82%D0%BE%D0%B2%D0%B0%D1%80%D1%8B/okinava.webp","timestamp":"2025-05-13T13:30:49.230Z"}
{"level":"error","message":"404 Not Found: GET /photo/%D1%82%D0%BE%D0%B2%D0%B0%D1%80%D1%8B/s_ugrem.webp","timestamp":"2025-05-13T13:30:49.231Z"}
{"level":"error","message":"404 Not Found: GET /photo/%D1%82%D0%BE%D0%B2%D0%B0%D1%80%D1%8B/s_krevetkoj_ostryj.webp","timestamp":"2025-05-13T13:30:49.232Z"}
{"level":"error","message":"404 Not Found: GET /photo/%D1%82%D0%BE%D0%B2%D0%B0%D1%80%D1%8B/ikigay.webp","timestamp":"2025-05-13T13:30:49.232Z"}
{"level":"error","message":"404 Not Found: GET /photo/%D1%82%D0%BE%D0%B2%D0%B0%D1%80%D1%8B/zap_losos.webp","timestamp":"2025-05-13T13:30:49.233Z"}
{"level":"error","message":"404 Not Found: GET /photo/%D1%82%D0%BE%D0%B2%D0%B0%D1%80%D1%8B/s_kuricej.webp","timestamp":"2025-05-13T13:30:49.234Z"}
{"level":"error","message":"404 Not Found: GET /photo/%D1%82%D0%BE%D0%B2%D0%B0%D1%80%D1%8B/s_ugrem_ostryj.webp","timestamp":"2025-05-13T13:30:49.235Z"}
{"level":"error","message":"404 Not Found: GET /photo/%D1%82%D0%BE%D0%B2%D0%B0%D1%80%D1%8B/s_kopchenym_lososem_i_zelenym_lukom.webp","timestamp":"2025-05-13T13:30:49.236Z"}
{"level":"error","message":"404 Not Found: GET /photo/%D1%82%D0%BE%D0%B2%D0%B0%D1%80%D1%8B/s_tuncom_i_zelenym_lukom.webp","timestamp":"2025-05-13T13:30:49.237Z"}
{"level":"error","message":"404 Not Found: GET /photo/%D1%82%D0%BE%D0%B2%D0%B0%D1%80%D1%8B/naggetsy.webp","timestamp":"2025-05-13T13:30:49.239Z"}
{"level":"error","message":"404 Not Found: GET /photo/%D1%82%D0%BE%D0%B2%D0%B0%D1%80%D1%8B/kartofel_po_derevenski.webp","timestamp":"2025-05-13T13:30:49.241Z"}
{"level":"error","message":"404 Not Found: GET /photo/%D1%82%D0%BE%D0%B2%D0%B0%D1%80%D1%8B/lukovye_kolca.webp","timestamp":"2025-05-13T13:30:49.244Z"}
{"level":"error","message":"404 Not Found: GET /photo/%D1%82%D0%BE%D0%B2%D0%B0%D1%80%D1%8B/kanispays.webp","timestamp":"2025-05-13T13:30:49.246Z"}
{"level":"error","message":"404 Not Found: GET /photo/%D1%82%D0%BE%D0%B2%D0%B0%D1%80%D1%8B/grecija.webp","timestamp":"2025-05-13T13:30:49.247Z"}
{"level":"error","message":"404 Not Found: GET /photo/%D1%82%D0%BE%D0%B2%D0%B0%D1%80%D1%8B/salat_chukka.webp","timestamp":"2025-05-13T13:30:49.249Z"}
{"level":"error","message":"404 Not Found: GET /photo/%D1%82%D0%BE%D0%B2%D0%B0%D1%80%D1%8B/colla03-2.webp","timestamp":"2025-05-13T13:30:49.251Z"}
{"level":"error","message":"404 Not Found: GET /photo/%D1%82%D0%BE%D0%B2%D0%B0%D1%80%D1%8B/colla05.webp","timestamp":"2025-05-13T13:30:49.253Z"}
{"level":"error","message":"404 Not Found: GET /photo/%D1%82%D0%BE%D0%B2%D0%B0%D1%80%D1%8B/fri.webp","timestamp":"2025-05-13T13:30:49.254Z"}
{"level":"error","message":"404 Not Found: GET /photo/%D1%82%D0%BE%D0%B2%D0%B0%D1%80%D1%8B/korolevskij.webp","timestamp":"2025-05-13T13:30:49.256Z"}
{"level":"error","message":"404 Not Found: GET /photo/%D1%82%D0%BE%D0%B2%D0%B0%D1%80%D1%8B/feniks.webp","timestamp":"2025-05-13T13:30:49.259Z"}
{"level":"error","message":"404 Not Found: GET /photo/%D1%82%D0%BE%D0%B2%D0%B0%D1%80%D1%8B/carskij.webp","timestamp":"2025-05-13T13:30:49.260Z"}
{"level":"error","message":"404 Not Found: GET /photo/%D1%82%D0%BE%D0%B2%D0%B0%D1%80%D1%8B/gorjachij_cezar.webp","timestamp":"2025-05-13T13:30:49.266Z"}
{"level":"error","message":"404 Not Found: GET /photo/%D1%82%D0%BE%D0%B2%D0%B0%D1%80%D1%8B/syake_ugor.webp","timestamp":"2025-05-13T13:30:49.283Z"}
{"level":"error","message":"404 Not Found: GET /photo/%D1%82%D0%BE%D0%B2%D0%B0%D1%80%D1%8B/kunsej_hot.webp","timestamp":"2025-05-13T13:30:49.286Z"}
{"level":"error","message":"404 Not Found: GET /photo/%D1%82%D0%BE%D0%B2%D0%B0%D1%80%D1%8B/gribnoj.webp","timestamp":"2025-05-13T13:30:49.288Z"}
{"level":"error","message":"404 Not Found: GET /photo/%D1%82%D0%BE%D0%B2%D0%B0%D1%80%D1%8B/fudzy.webp","timestamp":"2025-05-13T13:30:49.290Z"}
{"level":"error","message":"404 Not Found: GET /photo/%D1%82%D0%BE%D0%B2%D0%B0%D1%80%D1%8B/klassicheskij_s_kuricej.webp","timestamp":"2025-05-13T13:30:49.295Z"}
{"level":"error","message":"404 Not Found: GET /photo/%D1%82%D0%BE%D0%B2%D0%B0%D1%80%D1%8B/filadelfija_s_jablokom.webp","timestamp":"2025-05-13T13:30:49.308Z"}
{"level":"error","message":"404 Not Found: GET /photo/%D1%82%D0%BE%D0%B2%D0%B0%D1%80%D1%8B/vegetta.webp","timestamp":"2025-05-13T13:30:49.312Z"}
{"level":"error","message":"404 Not Found: GET /photo/%D1%82%D0%BE%D0%B2%D0%B0%D1%80%D1%8B/s_kalmarom_ostryj.webp","timestamp":"2025-05-13T13:30:49.315Z"}
{"level":"error","message":"404 Not Found: GET /photo/%D1%82%D0%BE%D0%B2%D0%B0%D1%80%D1%8B/kanzas.webp","timestamp":"2025-05-13T13:30:49.318Z"}
{"level":"error","message":"404 Not Found: GET /photo/%D1%82%D0%BE%D0%B2%D0%B0%D1%80%D1%8B/fresh.webp","timestamp":"2025-05-13T13:30:49.319Z"}
{"level":"error","message":"404 Not Found: GET /photo/%D1%82%D0%BE%D0%B2%D0%B0%D1%80%D1%8B/cezar_s_krevetkoj.webp","timestamp":"2025-05-13T13:30:49.320Z"}
{"level":"error","message":"404 Not Found: GET /photo/%D1%82%D0%BE%D0%B2%D0%B0%D1%80%D1%8B/cezar_s_kuricej.webp","timestamp":"2025-05-13T13:30:49.320Z"}
{"level":"error","message":"404 Not Found: GET /photo/%D1%82%D0%BE%D0%B2%D0%B0%D1%80%D1%8B/klassicheskij_s_tuncom.webp","timestamp":"2025-05-13T13:30:49.321Z"}
{"level":"error","message":"404 Not Found: GET /photo/%D1%82%D0%BE%D0%B2%D0%B0%D1%80%D1%8B/kalifornija.webp","timestamp":"2025-05-13T13:30:49.322Z"}
{"level":"error","message":"404 Not Found: GET /photo/%D1%82%D0%BE%D0%B2%D0%B0%D1%80%D1%8B/geycha.webp","timestamp":"2025-05-13T13:30:49.322Z"}
{"level":"error","message":"404 Not Found: GET /photo/%D1%82%D0%BE%D0%B2%D0%B0%D1%80%D1%8B/klassicheskij_s_ugrem_i_sliv_syrom.webp","timestamp":"2025-05-13T13:30:49.323Z"}
{"level":"error","message":"404 Not Found: GET /photo/%D1%82%D0%BE%D0%B2%D0%B0%D1%80%D1%8B/filadelfija_standart.webp","timestamp":"2025-05-13T13:30:49.324Z"}
{"level":"error","message":"404 Not Found: GET /photo/%D1%82%D0%BE%D0%B2%D0%B0%D1%80%D1%8B/kalifornija_s_krabom.webp","timestamp":"2025-05-13T13:30:49.325Z"}
{"level":"error","message":"404 Not Found: GET /photo/%D1%82%D0%BE%D0%B2%D0%B0%D1%80%D1%8B/in_jan.webp","timestamp":"2025-05-13T13:30:49.327Z"}
{"level":"error","message":"404 Not Found: GET /photo/%D1%82%D0%BE%D0%B2%D0%B0%D1%80%D1%8B/cezar.webp","timestamp":"2025-05-13T13:30:49.328Z"}
{"level":"error","message":"404 Not Found: GET /photo/%D1%82%D0%BE%D0%B2%D0%B0%D1%80%D1%8B/filadelfija_s_krevetkoj.webp","timestamp":"2025-05-13T13:30:49.328Z"}
{"level":"error","message":"404 Not Found: GET /photo/%D0%B0%D0%BA%D1%86%D0%B8%D0%B8/%D0%B0%D0%BA%D1%86%D0%B8%D1%8F1.jpg","timestamp":"2025-05-13T13:30:49.821Z"}
{"level":"error","message":"404 Not Found: GET /photo/%D0%B0%D0%BA%D1%86%D0%B8%D0%B8/%D0%B0%D0%BA%D1%86%D0%B8%D1%8F2.jpg","timestamp":"2025-05-13T13:30:49.823Z"}
{"level":"error","message":"404 Not Found: GET /photo/%D0%B0%D0%BA%D1%86%D0%B8%D0%B8/%D0%B0%D0%BA%D1%86%D0%B8%D1%8F3.jpg","timestamp":"2025-05-13T13:30:49.825Z"}
{"level":"error","message":"404 Not Found: GET /photo/%D0%B0%D0%BA%D1%86%D0%B8%D0%B8/%D0%B0%D0%BA%D1%86%D0%B8%D1%8F4.jpg","timestamp":"2025-05-13T13:30:49.830Z"}
{"level":"error","message":"404 Not Found: GET /photo/%D0%B0%D0%BA%D1%86%D0%B8%D0%B8/%D0%B0%D0%BA%D1%86%D0%B8%D1%8F3.jpg","timestamp":"2025-05-13T13:30:50.859Z"}
{"level":"error","message":"404 Not Found: GET /photo/%D0%B0%D0%BA%D1%86%D0%B8%D0%B8/%D0%B0%D0%BA%D1%86%D0%B8%D1%8F2.jpg","timestamp":"2025-05-13T13:30:50.861Z"}
{"level":"error","message":"404 Not Found: GET /photo/%D0%B0%D0%BA%D1%86%D0%B8%D0%B8/%D0%B0%D0%BA%D1%86%D0%B8%D1%8F1.jpg","timestamp":"2025-05-13T13:30:50.864Z"}
{"level":"error","message":"404 Not Found: GET /photo/%D0%B0%D0%BA%D1%86%D0%B8%D0%B8/%D0%B0%D0%BA%D1%86%D0%B8%D1%8F4.jpg","timestamp":"2025-05-13T13:30:50.867Z"}
{"level":"error","message":"404 Not Found: GET /photo/%D0%B0%D0%BA%D1%86%D0%B8%D0%B8/%D0%B0%D0%BA%D1%86%D0%B8%D1%8F3.jpg","timestamp":"2025-05-13T13:30:51.871Z"}
{"level":"error","message":"404 Not Found: GET /photo/%D0%B0%D0%BA%D1%86%D0%B8%D0%B8/%D0%B0%D0%BA%D1%86%D0%B8%D1%8F2.jpg","timestamp":"2025-05-13T13:30:51.874Z"}
{"level":"error","message":"404 Not Found: GET /photo/%D0%B0%D0%BA%D1%86%D0%B8%D0%B8/%D0%B0%D0%BA%D1%86%D0%B8%D1%8F1.jpg","timestamp":"2025-05-13T13:30:51.881Z"}
{"level":"error","message":"404 Not Found: GET /photo/%D0%B0%D0%BA%D1%86%D0%B8%D0%B8/%D0%B0%D0%BA%D1%86%D0%B8%D1%8F4.jpg","timestamp":"2025-05-13T13:30:51.883Z"}
{"level":"error","message":"404 Not Found: GET /photo/%D0%B0%D0%BA%D1%86%D0%B8%D0%B8/%D0%B0%D0%BA%D1%86%D0%B8%D1%8F3.jpg","timestamp":"2025-05-13T13:30:52.887Z"}
{"level":"error","message":"404 Not Found: GET /photo/%D0%B0%D0%BA%D1%86%D0%B8%D0%B8/%D0%B0%D0%BA%D1%86%D0%B8%D1%8F2.jpg","timestamp":"2025-05-13T13:30:52.891Z"}
{"level":"error","message":"404 Not Found: GET /photo/%D0%B0%D0%BA%D1%86%D0%B8%D0%B8/%D0%B0%D0%BA%D1%86%D0%B8%D1%8F1.jpg","timestamp":"2025-05-13T13:30:52.897Z"}
{"level":"error","message":"404 Not Found: GET /photo/%D0%B0%D0%BA%D1%86%D0%B8%D0%B8/%D0%B0%D0%BA%D1%86%D0%B8%D1%8F4.jpg","timestamp":"2025-05-13T13:30:52.899Z"}
{"level":"error","message":"404 Not Found: GET /kovrov/photo/placeholder.jpg","timestamp":"2025-05-13T13:30:52.919Z"}
{"level":"error","message":"404 Not Found: GET /kovrov/photo/placeholder.jpg","timestamp":"2025-05-13T13:30:52.942Z"}
{"level":"error","message":"404 Not Found: GET /kovrov/photo/placeholder.jpg","timestamp":"2025-05-13T13:30:52.974Z"}
{"level":"error","message":"404 Not Found: GET /kovrov/photo/placeholder.jpg","timestamp":"2025-05-13T13:30:52.984Z"}
{"level":"error","message":"404 Not Found: GET /kovrov/photo/placeholder.jpg","timestamp":"2025-05-13T13:30:52.990Z"}
{"level":"error","message":"404 Not Found: GET /kovrov/photo/placeholder.jpg","timestamp":"2025-05-13T13:30:53.001Z"}
{"level":"error","message":"404 Not Found: GET /kovrov/photo/placeholder.jpg","timestamp":"2025-05-13T13:30:53.010Z"}
{"level":"error","message":"404 Not Found: GET /kovrov/photo/placeholder.jpg","timestamp":"2025-05-13T13:30:53.037Z"}
{"level":"error","message":"404 Not Found: GET /kovrov/photo/placeholder.jpg","timestamp":"2025-05-13T13:30:53.047Z"}
{"level":"error","message":"404 Not Found: GET /kovrov/photo/placeholder.jpg","timestamp":"2025-05-13T13:30:53.058Z"}
{"level":"error","message":"404 Not Found: GET /kovrov/photo/placeholder.jpg","timestamp":"2025-05-13T13:30:53.079Z"}
{"level":"error","message":"404 Not Found: GET /kovrov/photo/placeholder.jpg","timestamp":"2025-05-13T13:30:53.105Z"}
{"level":"error","message":"404 Not Found: GET /kovrov/photo/placeholder.jpg","timestamp":"2025-05-13T13:30:53.130Z"}
{"level":"error","message":"404 Not Found: GET /kovrov/photo/placeholder.jpg","timestamp":"2025-05-13T13:30:53.140Z"}
{"level":"error","message":"404 Not Found: GET /kovrov/photo/placeholder.jpg","timestamp":"2025-05-13T13:30:53.162Z"}
{"level":"error","message":"404 Not Found: GET /kovrov/photo/placeholder.jpg","timestamp":"2025-05-13T13:30:53.176Z"}
{"level":"error","message":"404 Not Found: GET /kovrov/photo/placeholder.jpg","timestamp":"2025-05-13T13:30:53.199Z"}
{"level":"error","message":"404 Not Found: GET /kovrov/photo/placeholder.jpg","timestamp":"2025-05-13T13:30:53.222Z"}
{"level":"error","message":"404 Not Found: GET /kovrov/photo/placeholder.jpg","timestamp":"2025-05-13T13:30:53.250Z"}
{"level":"error","message":"404 Not Found: GET /kovrov/photo/placeholder.jpg","timestamp":"2025-05-13T13:30:53.324Z"}
{"level":"error","message":"404 Not Found: GET /kovrov/photo/placeholder.jpg","timestamp":"2025-05-13T13:30:53.340Z"}
{"level":"error","message":"404 Not Found: GET /kovrov/photo/placeholder.jpg","timestamp":"2025-05-13T13:30:53.373Z"}
{"level":"error","message":"404 Not Found: GET /kovrov/photo/placeholder.jpg","timestamp":"2025-05-13T13:30:53.387Z"}
{"level":"error","message":"404 Not Found: GET /kovrov/photo/placeholder.jpg","timestamp":"2025-05-13T13:30:53.401Z"}
{"level":"error","message":"404 Not Found: GET /kovrov/photo/placeholder.jpg","timestamp":"2025-05-13T13:30:53.418Z"}
{"level":"error","message":"404 Not Found: GET /kovrov/photo/placeholder.jpg","timestamp":"2025-05-13T13:30:53.431Z"}
{"level":"error","message":"404 Not Found: GET /kovrov/photo/placeholder.jpg","timestamp":"2025-05-13T13:30:53.439Z"}
{"level":"error","message":"404 Not Found: GET /kovrov/photo/placeholder.jpg","timestamp":"2025-05-13T13:30:53.453Z"}
{"level":"error","message":"404 Not Found: GET /kovrov/photo/placeholder.jpg","timestamp":"2025-05-13T13:30:53.469Z"}
{"level":"error","message":"404 Not Found: GET /kovrov/photo/placeholder.jpg","timestamp":"2025-05-13T13:30:53.493Z"}
{"level":"error","message":"404 Not Found: GET /kovrov/photo/placeholder.jpg","timestamp":"2025-05-13T13:30:53.505Z"}
{"level":"error","message":"404 Not Found: GET /kovrov/photo/placeholder.jpg","timestamp":"2025-05-13T13:30:53.510Z"}
{"level":"error","message":"404 Not Found: GET /kovrov/photo/placeholder.jpg","timestamp":"2025-05-13T13:30:53.516Z"}
{"level":"error","message":"404 Not Found: GET /kovrov/photo/placeholder.jpg","timestamp":"2025-05-13T13:30:53.533Z"}
{"level":"error","message":"404 Not Found: GET /kovrov/photo/placeholder.jpg","timestamp":"2025-05-13T13:30:53.581Z"}
{"level":"error","message":"404 Not Found: GET /kovrov/photo/placeholder.jpg","timestamp":"2025-05-13T13:30:53.598Z"}
{"level":"error","message":"404 Not Found: GET /kovrov/photo/placeholder.jpg","timestamp":"2025-05-13T13:30:53.615Z"}
{"level":"error","message":"404 Not Found: GET /kovrov/photo/placeholder.jpg","timestamp":"2025-05-13T13:30:53.632Z"}
{"level":"error","message":"404 Not Found: GET /kovrov/photo/placeholder.jpg","timestamp":"2025-05-13T13:30:53.642Z"}
{"level":"error","message":"404 Not Found: GET /kovrov/photo/placeholder.jpg","timestamp":"2025-05-13T13:30:53.663Z"}
{"level":"error","message":"404 Not Found: GET /kovrov/photo/placeholder.jpg","timestamp":"2025-05-13T13:30:53.679Z"}
{"level":"error","message":"404 Not Found: GET /kovrov/photo/placeholder.jpg","timestamp":"2025-05-13T13:30:53.694Z"}
{"level":"error","message":"404 Not Found: GET /kovrov/photo/placeholder.jpg","timestamp":"2025-05-13T13:30:53.705Z"}
{"level":"error","message":"404 Not Found: GET /kovrov/photo/placeholder.jpg","timestamp":"2025-05-13T13:30:53.721Z"}
{"level":"error","message":"404 Not Found: GET /kovrov/photo/placeholder.jpg","timestamp":"2025-05-13T13:30:53.742Z"}
{"level":"error","message":"404 Not Found: GET /kovrov/photo/placeholder.jpg","timestamp":"2025-05-13T13:30:53.757Z"}
{"level":"error","message":"404 Not Found: GET /kovrov/photo/placeholder.jpg","timestamp":"2025-05-13T13:30:53.775Z"}
{"level":"error","message":"404 Not Found: GET /kovrov/photo/placeholder.jpg","timestamp":"2025-05-13T13:30:53.786Z"}
{"level":"error","message":"404 Not Found: GET /kovrov/photo/placeholder.jpg","timestamp":"2025-05-13T13:30:53.805Z"}
{"level":"error","message":"404 Not Found: GET /kovrov/photo/placeholder.jpg","timestamp":"2025-05-13T13:30:53.820Z"}
{"level":"error","message":"404 Not Found: GET /kovrov/photo/placeholder.jpg","timestamp":"2025-05-13T13:30:53.833Z"}
{"level":"error","message":"404 Not Found: GET /kovrov/photo/placeholder.jpg","timestamp":"2025-05-13T13:30:53.847Z"}
{"level":"error","message":"404 Not Found: GET /kovrov/photo/placeholder.jpg","timestamp":"2025-05-13T13:30:53.854Z"}
{"level":"error","message":"404 Not Found: GET /kovrov/photo/placeholder.jpg","timestamp":"2025-05-13T13:30:53.878Z"}
{"level":"error","message":"404 Not Found: GET /kovrov/photo/placeholder.jpg","timestamp":"2025-05-13T13:30:53.884Z"}
{"level":"error","message":"404 Not Found: GET /kovrov/photo/placeholder.jpg","timestamp":"2025-05-13T13:30:53.906Z"}
{"level":"error","message":"404 Not Found: GET /kovrov/photo/placeholder.jpg","timestamp":"2025-05-13T13:30:53.921Z"}
{"level":"error","message":"404 Not Found: GET /kovrov/photo/placeholder.jpg","timestamp":"2025-05-13T13:30:53.936Z"}
{"level":"error","message":"404 Not Found: GET /kovrov/photo/placeholder.jpg","timestamp":"2025-05-13T13:30:53.944Z"}
{"level":"error","message":"404 Not Found: GET /kovrov/photo/placeholder.jpg","timestamp":"2025-05-13T13:30:53.959Z"}
{"level":"error","message":"404 Not Found: GET /kovrov/photo/placeholder.jpg","timestamp":"2025-05-13T13:30:53.977Z"}
{"level":"error","message":"404 Not Found: GET /kovrov/photo/placeholder.jpg","timestamp":"2025-05-13T13:30:53.984Z"}
{"level":"error","message":"404 Not Found: GET /kovrov/photo/placeholder.jpg","timestamp":"2025-05-13T13:30:53.998Z"}
{"level":"error","message":"404 Not Found: GET /kovrov/photo/placeholder.jpg","timestamp":"2025-05-13T13:30:54.014Z"}
{"level":"error","message":"404 Not Found: GET /kovrov/photo/placeholder.jpg","timestamp":"2025-05-13T13:30:54.025Z"}
{"level":"error","message":"404 Not Found: GET /kovrov/photo/placeholder.jpg","timestamp":"2025-05-13T13:30:54.041Z"}
{"level":"error","message":"404 Not Found: GET /kovrov/photo/placeholder.jpg","timestamp":"2025-05-13T13:30:54.049Z"}
{"level":"error","message":"404 Not Found: GET /kovrov/photo/placeholder.jpg","timestamp":"2025-05-13T13:30:54.059Z"}
{"level":"error","message":"404 Not Found: GET /kovrov/photo/placeholder.jpg","timestamp":"2025-05-13T13:30:54.075Z"}
{"level":"error","message":"404 Not Found: GET /kovrov/photo/placeholder.jpg","timestamp":"2025-05-13T13:30:54.086Z"}
{"level":"error","message":"404 Not Found: GET /kovrov/photo/placeholder.jpg","timestamp":"2025-05-13T13:30:54.108Z"}
{"level":"error","message":"404 Not Found: GET /kovrov/photo/placeholder.jpg","timestamp":"2025-05-13T13:30:54.118Z"}
{"level":"error","message":"404 Not Found: GET /kovrov/photo/placeholder.jpg","timestamp":"2025-05-13T13:30:54.139Z"}
{"level":"error","message":"404 Not Found: GET /kovrov/photo/placeholder.jpg","timestamp":"2025-05-13T13:30:54.150Z"}
{"level":"error","message":"404 Not Found: GET /kovrov/photo/placeholder.jpg","timestamp":"2025-05-13T13:30:54.169Z"}
{"level":"error","message":"404 Not Found: GET /kovrov/photo/placeholder.jpg","timestamp":"2025-05-13T13:30:54.191Z"}
{"level":"error","message":"404 Not Found: GET /kovrov/photo/placeholder.jpg","timestamp":"2025-05-13T13:30:54.213Z"}
{"level":"error","message":"404 Not Found: GET /kovrov/photo/placeholder.jpg","timestamp":"2025-05-13T13:30:54.242Z"}
{"level":"error","message":"404 Not Found: GET /kovrov/photo/placeholder.jpg","timestamp":"2025-05-13T13:30:54.265Z"}
{"level":"error","message":"404 Not Found: GET /kovrov/photo/placeholder.jpg","timestamp":"2025-05-13T13:30:54.288Z"}
{"level":"error","message":"404 Not Found: GET /kovrov/photo/placeholder.jpg","timestamp":"2025-05-13T13:30:54.309Z"}
{"level":"error","message":"404 Not Found: GET /kovrov/photo/placeholder.jpg","timestamp":"2025-05-13T13:30:54.336Z"}
{"level":"error","message":"404 Not Found: GET /kovrov/photo/placeholder.jpg","timestamp":"2025-05-13T13:30:54.351Z"}
{"level":"error","message":"404 Not Found: GET /kovrov/photo/placeholder.jpg","timestamp":"2025-05-13T13:30:54.398Z"}
{"level":"error","message":"404 Not Found: GET /kovrov/photo/placeholder.jpg","timestamp":"2025-05-13T13:30:54.413Z"}
{"level":"error","message":"404 Not Found: GET /kovrov/photo/placeholder.jpg","timestamp":"2025-05-13T13:30:54.440Z"}
{"level":"error","message":"404 Not Found: GET /kovrov/photo/placeholder.jpg","timestamp":"2025-05-13T13:30:54.468Z"}
{"level":"error","message":"404 Not Found: GET /kovrov/photo/placeholder.jpg","timestamp":"2025-05-13T13:30:54.490Z"}
{"level":"error","message":"404 Not Found: GET /kovrov/photo/placeholder.jpg","timestamp":"2025-05-13T13:30:54.504Z"}
{"level":"error","message":"404 Not Found: GET /kovrov/photo/placeholder.jpg","timestamp":"2025-05-13T13:30:54.519Z"}
{"level":"error","message":"404 Not Found: GET /kovrov/photo/placeholder.jpg","timestamp":"2025-05-13T13:30:54.536Z"}
{"level":"error","message":"404 Not Found: GET /kovrov/photo/placeholder.jpg","timestamp":"2025-05-13T13:30:54.563Z"}
{"level":"error","message":"404 Not Found: GET /kovrov/photo/placeholder.jpg","timestamp":"2025-05-13T13:30:54.593Z"}
{"level":"error","message":"404 Not Found: GET /kovrov/photo/placeholder.jpg","timestamp":"2025-05-13T13:30:54.602Z"}
{"level":"error","message":"404 Not Found: GET /kovrov/photo/placeholder.jpg","timestamp":"2025-05-13T13:30:54.616Z"}
{"level":"error","message":"404 Not Found: GET /kovrov/photo/placeholder.jpg","timestamp":"2025-05-13T13:30:54.633Z"}
{"level":"error","message":"404 Not Found: GET /kovrov/photo/placeholder.jpg","timestamp":"2025-05-13T13:30:54.645Z"}
{"level":"error","message":"404 Not Found: GET /kovrov/photo/placeholder.jpg","timestamp":"2025-05-13T13:30:54.656Z"}
{"level":"error","message":"404 Not Found: GET /kovrov/photo/placeholder.jpg","timestamp":"2025-05-13T13:30:54.675Z"}
{"level":"error","message":"404 Not Found: GET /kovrov/photo/placeholder.jpg","timestamp":"2025-05-13T13:30:54.687Z"}
{"level":"error","message":"404 Not Found: GET /kovrov/photo/placeholder.jpg","timestamp":"2025-05-13T13:30:54.707Z"}
{"level":"error","message":"404 Not Found: GET /kovrov/photo/placeholder.jpg","timestamp":"2025-05-13T13:30:54.728Z"}
{"level":"error","message":"404 Not Found: GET /kovrov/photo/placeholder.jpg","timestamp":"2025-05-13T13:30:54.746Z"}
{"level":"error","message":"404 Not Found: GET /kovrov/photo/placeholder.jpg","timestamp":"2025-05-13T13:30:54.754Z"}
{"level":"error","message":"404 Not Found: GET /kovrov/photo/placeholder.jpg","timestamp":"2025-05-13T13:30:54.785Z"}
{"level":"error","message":"404 Not Found: GET /kovrov/photo/placeholder.jpg","timestamp":"2025-05-13T13:30:54.814Z"}
{"level":"error","message":"404 Not Found: GET /kovrov/photo/placeholder.jpg","timestamp":"2025-05-13T13:30:54.839Z"}
{"level":"error","message":"404 Not Found: GET /kovrov/photo/placeholder.jpg","timestamp":"2025-05-13T13:30:54.849Z"}
{"level":"error","message":"404 Not Found: GET /kovrov/photo/placeholder.jpg","timestamp":"2025-05-13T13:30:54.866Z"}
{"level":"error","message":"404 Not Found: GET /kovrov/photo/placeholder.jpg","timestamp":"2025-05-13T13:30:54.884Z"}
{"level":"error","message":"404 Not Found: GET /kovrov/photo/placeholder.jpg","timestamp":"2025-05-13T13:30:54.904Z"}
{"level":"error","message":"404 Not Found: GET /kovrov/photo/placeholder.jpg","timestamp":"2025-05-13T13:30:54.923Z"}
{"level":"error","message":"404 Not Found: GET /kovrov/photo/placeholder.jpg","timestamp":"2025-05-13T13:30:54.942Z"}
{"level":"error","message":"404 Not Found: GET /kovrov/photo/placeholder.jpg","timestamp":"2025-05-13T13:30:54.962Z"}
{"level":"error","message":"404 Not Found: GET /kovrov/photo/placeholder.jpg","timestamp":"2025-05-13T13:30:54.984Z"}
{"level":"error","message":"404 Not Found: GET /kovrov/photo/placeholder.jpg","timestamp":"2025-05-13T13:30:55.003Z"}
{"level":"error","message":"404 Not Found: GET /kovrov/photo/placeholder.jpg","timestamp":"2025-05-13T13:30:55.017Z"}
{"level":"error","message":"404 Not Found: GET /kovrov/photo/placeholder.jpg","timestamp":"2025-05-13T13:30:55.031Z"}
{"level":"error","message":"404 Not Found: GET /kovrov/photo/placeholder.jpg","timestamp":"2025-05-13T13:30:55.042Z"}
{"level":"error","message":"404 Not Found: GET /kovrov/photo/placeholder.jpg","timestamp":"2025-05-13T13:30:55.059Z"}
{"level":"error","message":"404 Not Found: GET /kovrov/photo/placeholder.jpg","timestamp":"2025-05-13T13:30:55.080Z"}
{"level":"error","message":"404 Not Found: GET /kovrov/photo/placeholder.jpg","timestamp":"2025-05-13T13:30:55.108Z"}
{"level":"error","message":"404 Not Found: GET /kovrov/photo/placeholder.jpg","timestamp":"2025-05-13T13:30:55.130Z"}
{"level":"error","message":"404 Not Found: GET /kovrov/photo/placeholder.jpg","timestamp":"2025-05-13T13:30:55.146Z"}
{"level":"error","message":"404 Not Found: GET /kovrov/photo/placeholder.jpg","timestamp":"2025-05-13T13:30:55.164Z"}
{"level":"error","message":"404 Not Found: GET /kovrov/photo/placeholder.jpg","timestamp":"2025-05-13T13:30:55.188Z"}
{"level":"error","message":"404 Not Found: GET /kovrov/photo/placeholder.jpg","timestamp":"2025-05-13T13:30:55.204Z"}
{"level":"error","message":"404 Not Found: GET /kovrov/photo/placeholder.jpg","timestamp":"2025-05-13T13:30:55.218Z"}
{"level":"error","message":"404 Not Found: GET /kovrov/photo/placeholder.jpg","timestamp":"2025-05-13T13:30:55.237Z"}
{"level":"error","message":"404 Not Found: GET /kovrov/photo/placeholder.jpg","timestamp":"2025-05-13T13:30:55.266Z"}
{"level":"error","message":"404 Not Found: GET /kovrov/photo/placeholder.jpg","timestamp":"2025-05-13T13:30:55.280Z"}
{"level":"error","message":"404 Not Found: GET /kovrov/photo/placeholder.jpg","timestamp":"2025-05-13T13:30:55.302Z"}
{"level":"error","message":"404 Not Found: GET /kovrov/photo/placeholder.jpg","timestamp":"2025-05-13T13:30:55.325Z"}
{"level":"error","message":"404 Not Found: GET /kovrov/photo/placeholder.jpg","timestamp":"2025-05-13T13:30:55.334Z"}
{"level":"error","message":"404 Not Found: GET /kovrov/photo/placeholder.jpg","timestamp":"2025-05-13T13:30:55.350Z"}
{"level":"error","message":"404 Not Found: GET /kovrov/photo/placeholder.jpg","timestamp":"2025-05-13T13:30:55.365Z"}
{"level":"error","message":"404 Not Found: GET /kovrov/photo/placeholder.jpg","timestamp":"2025-05-13T13:30:55.380Z"}
{"level":"error","message":"404 Not Found: GET /kovrov/photo/placeholder.jpg","timestamp":"2025-05-13T13:30:55.391Z"}
{"level":"error","message":"404 Not Found: GET /kovrov/photo/placeholder.jpg","timestamp":"2025-05-13T13:30:55.407Z"}
{"level":"error","message":"404 Not Found: GET /kovrov/photo/placeholder.jpg","timestamp":"2025-05-13T13:30:55.437Z"}
{"level":"error","message":"404 Not Found: GET /kovrov/photo/placeholder.jpg","timestamp":"2025-05-13T13:30:55.459Z"}
{"level":"error","message":"404 Not Found: GET /kovrov/photo/placeholder.jpg","timestamp":"2025-05-13T13:30:55.475Z"}
{"level":"error","message":"404 Not Found: GET /kovrov/photo/placeholder.jpg","timestamp":"2025-05-13T13:30:55.506Z"}
{"level":"error","message":"404 Not Found: GET /kovrov/photo/placeholder.jpg","timestamp":"2025-05-13T13:30:55.519Z"}
{"level":"error","message":"404 Not Found: GET /kovrov/photo/placeholder.jpg","timestamp":"2025-05-13T13:30:55.526Z"}
{"level":"error","message":"404 Not Found: GET /kovrov/photo/placeholder.jpg","timestamp":"2025-05-13T13:30:55.541Z"}
{"level":"error","message":"404 Not Found: GET /kovrov/photo/placeholder.jpg","timestamp":"2025-05-13T13:30:55.588Z"}
{"level":"error","message":"404 Not Found: GET /kovrov/photo/placeholder.jpg","timestamp":"2025-05-13T13:30:55.601Z"}
{"level":"error","message":"404 Not Found: GET /kovrov/photo/placeholder.jpg","timestamp":"2025-05-13T13:30:55.627Z"}
{"level":"error","message":"404 Not Found: GET /kovrov/photo/placeholder.jpg","timestamp":"2025-05-13T13:30:55.636Z"}
{"level":"error","message":"404 Not Found: GET /kovrov/photo/placeholder.jpg","timestamp":"2025-05-13T13:30:55.655Z"}
{"level":"error","message":"404 Not Found: GET /kovrov/photo/placeholder.jpg","timestamp":"2025-05-13T13:30:55.668Z"}
{"level":"error","message":"404 Not Found: GET /kovrov/photo/placeholder.jpg","timestamp":"2025-05-13T13:30:55.683Z"}
{"level":"error","message":"404 Not Found: GET /kovrov/photo/placeholder.jpg","timestamp":"2025-05-13T13:30:55.699Z"}
{"level":"error","message":"404 Not Found: GET /kovrov/photo/placeholder.jpg","timestamp":"2025-05-13T13:30:55.718Z"}
{"level":"error","message":"404 Not Found: GET /kovrov/photo/placeholder.jpg","timestamp":"2025-05-13T13:30:55.739Z"}
{"level":"error","message":"404 Not Found: GET /kovrov/photo/placeholder.jpg","timestamp":"2025-05-13T13:30:55.752Z"}
{"level":"error","message":"404 Not Found: GET /kovrov/photo/placeholder.jpg","timestamp":"2025-05-13T13:30:55.769Z"}
{"level":"error","message":"404 Not Found: GET /kovrov/photo/placeholder.jpg","timestamp":"2025-05-13T13:30:55.792Z"}
{"level":"error","message":"404 Not Found: GET /kovrov/photo/placeholder.jpg","timestamp":"2025-05-13T13:30:55.802Z"}
{"level":"error","message":"404 Not Found: GET /kovrov/photo/placeholder.jpg","timestamp":"2025-05-13T13:30:55.819Z"}
{"level":"error","message":"404 Not Found: GET /kovrov/photo/placeholder.jpg","timestamp":"2025-05-13T13:30:55.844Z"}
{"level":"error","message":"404 Not Found: GET /kovrov/photo/placeholder.jpg","timestamp":"2025-05-13T13:30:55.864Z"}
{"level":"error","message":"404 Not Found: GET /kovrov/photo/placeholder.jpg","timestamp":"2025-05-13T13:30:55.883Z"}
{"level":"error","message":"404 Not Found: GET /kovrov/photo/placeholder.jpg","timestamp":"2025-05-13T13:30:55.900Z"}
{"level":"error","message":"404 Not Found: GET /kovrov/photo/placeholder.jpg","timestamp":"2025-05-13T13:30:55.932Z"}
{"level":"error","message":"404 Not Found: GET /kovrov/photo/placeholder.jpg","timestamp":"2025-05-13T13:30:55.947Z"}
{"level":"error","message":"404 Not Found: GET /kovrov/photo/placeholder.jpg","timestamp":"2025-05-13T13:30:55.967Z"}
{"level":"error","message":"404 Not Found: GET /kovrov/photo/placeholder.jpg","timestamp":"2025-05-13T13:30:55.987Z"}
{"level":"error","message":"404 Not Found: GET /kovrov/photo/placeholder.jpg","timestamp":"2025-05-13T13:30:55.999Z"}
{"level":"error","message":"404 Not Found: GET /kovrov/photo/placeholder.jpg","timestamp":"2025-05-13T13:30:56.016Z"}
{"level":"error","message":"404 Not Found: GET /kovrov/photo/placeholder.jpg","timestamp":"2025-05-13T13:30:56.031Z"}
{"level":"error","message":"404 Not Found: GET /kovrov/photo/placeholder.jpg","timestamp":"2025-05-13T13:30:56.058Z"}
{"level":"error","message":"404 Not Found: GET /kovrov/photo/placeholder.jpg","timestamp":"2025-05-13T13:30:56.069Z"}
{"level":"error","message":"404 Not Found: GET /kovrov/photo/placeholder.jpg","timestamp":"2025-05-13T13:30:56.089Z"}
{"level":"error","message":"404 Not Found: GET /kovrov/photo/placeholder.jpg","timestamp":"2025-05-13T13:30:56.128Z"}
{"level":"error","message":"404 Not Found: GET /kovrov/photo/placeholder.jpg","timestamp":"2025-05-13T13:30:56.138Z"}
{"level":"error","message":"404 Not Found: GET /kovrov/photo/placeholder.jpg","timestamp":"2025-05-13T13:30:56.153Z"}
{"level":"error","message":"404 Not Found: GET /kovrov/photo/placeholder.jpg","timestamp":"2025-05-13T13:30:56.176Z"}
{"level":"error","message":"404 Not Found: GET /kovrov/photo/placeholder.jpg","timestamp":"2025-05-13T13:30:56.205Z"}
{"level":"error","message":"404 Not Found: GET /kovrov/photo/placeholder.jpg","timestamp":"2025-05-13T13:30:56.237Z"}
{"level":"error","message":"404 Not Found: GET /kovrov/photo/placeholder.jpg","timestamp":"2025-05-13T13:30:56.254Z"}
{"level":"error","message":"404 Not Found: GET /kovrov/photo/placeholder.jpg","timestamp":"2025-05-13T13:30:56.261Z"}
{"level":"error","message":"404 Not Found: GET /kovrov/photo/placeholder.jpg","timestamp":"2025-05-13T13:30:56.273Z"}
{"level":"error","message":"404 Not Found: GET /kovrov/photo/placeholder.jpg","timestamp":"2025-05-13T13:30:56.298Z"}
{"level":"error","message":"404 Not Found: GET /kovrov/photo/placeholder.jpg","timestamp":"2025-05-13T13:30:56.304Z"}
{"level":"error","message":"404 Not Found: GET /kovrov/photo/placeholder.jpg","timestamp":"2025-05-13T13:30:56.344Z"}
{"level":"error","message":"404 Not Found: GET /kovrov/photo/placeholder.jpg","timestamp":"2025-05-13T13:30:56.364Z"}
{"level":"error","message":"404 Not Found: GET /kovrov/photo/placeholder.jpg","timestamp":"2025-05-13T13:30:56.374Z"}
{"level":"error","message":"404 Not Found: GET /kovrov/photo/placeholder.jpg","timestamp":"2025-05-13T13:30:56.385Z"}
{"level":"error","message":"404 Not Found: GET /kovrov/photo/placeholder.jpg","timestamp":"2025-05-13T13:30:56.398Z"}
{"level":"error","message":"404 Not Found: GET /kovrov/photo/placeholder.jpg","timestamp":"2025-05-13T13:30:56.409Z"}
{"level":"error","message":"404 Not Found: GET /kovrov/photo/placeholder.jpg","timestamp":"2025-05-13T13:30:56.434Z"}
{"level":"error","message":"404 Not Found: GET /kovrov/photo/placeholder.jpg","timestamp":"2025-05-13T13:30:56.450Z"}
{"level":"error","message":"404 Not Found: GET /kovrov/photo/placeholder.jpg","timestamp":"2025-05-13T13:30:56.468Z"}
{"level":"error","message":"404 Not Found: GET /kovrov/photo/placeholder.jpg","timestamp":"2025-05-13T13:30:56.485Z"}
{"level":"error","message":"404 Not Found: GET /kovrov/photo/placeholder.jpg","timestamp":"2025-05-13T13:30:56.498Z"}
{"level":"error","message":"404 Not Found: GET /kovrov/photo/placeholder.jpg","timestamp":"2025-05-13T13:30:56.517Z"}
{"level":"error","message":"404 Not Found: GET /kovrov/photo/placeholder.jpg","timestamp":"2025-05-13T13:30:56.526Z"}
{"level":"error","message":"404 Not Found: GET /kovrov/photo/placeholder.jpg","timestamp":"2025-05-13T13:30:56.531Z"}
{"level":"error","message":"404 Not Found: GET /kovrov/photo/placeholder.jpg","timestamp":"2025-05-13T13:30:56.562Z"}
{"level":"error","message":"404 Not Found: GET /kovrov/photo/placeholder.jpg","timestamp":"2025-05-13T13:30:56.583Z"}
{"level":"error","message":"404 Not Found: GET /kovrov/photo/placeholder.jpg","timestamp":"2025-05-13T13:30:56.596Z"}
{"level":"error","message":"404 Not Found: GET /kovrov/photo/placeholder.jpg","timestamp":"2025-05-13T13:30:56.611Z"}
{"level":"error","message":"404 Not Found: GET /kovrov/photo/placeholder.jpg","timestamp":"2025-05-13T13:30:56.626Z"}
{"level":"error","message":"404 Not Found: GET /kovrov/photo/placeholder.jpg","timestamp":"2025-05-13T13:30:56.638Z"}
{"level":"error","message":"404 Not Found: GET /kovrov/photo/placeholder.jpg","timestamp":"2025-05-13T13:30:56.656Z"}
{"level":"error","message":"404 Not Found: GET /kovrov/photo/placeholder.jpg","timestamp":"2025-05-13T13:30:56.681Z"}
{"level":"error","message":"404 Not Found: GET /kovrov/photo/placeholder.jpg","timestamp":"2025-05-13T13:30:56.695Z"}
{"level":"error","message":"404 Not Found: GET /kovrov/photo/placeholder.jpg","timestamp":"2025-05-13T13:30:56.705Z"}
{"level":"error","message":"404 Not Found: GET /kovrov/photo/placeholder.jpg","timestamp":"2025-05-13T13:30:56.719Z"}
{"level":"error","message":"404 Not Found: GET /kovrov/photo/placeholder.jpg","timestamp":"2025-05-13T13:30:56.734Z"}
{"level":"error","message":"404 Not Found: GET /kovrov/photo/placeholder.jpg","timestamp":"2025-05-13T13:30:56.747Z"}
{"level":"error","message":"404 Not Found: GET /kovrov/photo/placeholder.jpg","timestamp":"2025-05-13T13:30:56.774Z"}
{"level":"error","message":"404 Not Found: GET /kovrov/photo/placeholder.jpg","timestamp":"2025-05-13T13:30:56.800Z"}
{"level":"error","message":"404 Not Found: GET /kovrov/photo/placeholder.jpg","timestamp":"2025-05-13T13:30:56.826Z"}
{"level":"error","message":"404 Not Found: GET /kovrov/photo/placeholder.jpg","timestamp":"2025-05-13T13:30:56.837Z"}
{"level":"error","message":"404 Not Found: GET /kovrov/photo/placeholder.jpg","timestamp":"2025-05-13T13:30:56.859Z"}
{"level":"error","message":"404 Not Found: GET /kovrov/photo/placeholder.jpg","timestamp":"2025-05-13T13:30:56.866Z"}
{"level":"error","message":"404 Not Found: GET /kovrov/photo/placeholder.jpg","timestamp":"2025-05-13T13:30:56.876Z"}
{"level":"error","message":"404 Not Found: GET /kovrov/photo/placeholder.jpg","timestamp":"2025-05-13T13:30:56.896Z"}
{"level":"error","message":"404 Not Found: GET /kovrov/photo/placeholder.jpg","timestamp":"2025-05-13T13:30:56.902Z"}
{"level":"error","message":"404 Not Found: GET /kovrov/photo/placeholder.jpg","timestamp":"2025-05-13T13:30:56.918Z"}
{"level":"error","message":"404 Not Found: GET /kovrov/photo/placeholder.jpg","timestamp":"2025-05-13T13:30:56.929Z"}
{"level":"error","message":"404 Not Found: GET /kovrov/photo/placeholder.jpg","timestamp":"2025-05-13T13:30:56.950Z"}
{"level":"error","message":"404 Not Found: GET /kovrov/photo/placeholder.jpg","timestamp":"2025-05-13T13:30:56.970Z"}
{"level":"error","message":"404 Not Found: GET /kovrov/photo/placeholder.jpg","timestamp":"2025-05-13T13:30:56.985Z"}
{"level":"error","message":"404 Not Found: GET /kovrov/photo/placeholder.jpg","timestamp":"2025-05-13T13:30:56.999Z"}
{"level":"error","message":"404 Not Found: GET /kovrov/photo/placeholder.jpg","timestamp":"2025-05-13T13:30:57.015Z"}
{"level":"error","message":"404 Not Found: GET /kovrov/photo/placeholder.jpg","timestamp":"2025-05-13T13:30:57.029Z"}
{"level":"error","message":"404 Not Found: GET /kovrov/photo/placeholder.jpg","timestamp":"2025-05-13T13:30:57.051Z"}
{"level":"error","message":"404 Not Found: GET /kovrov/photo/placeholder.jpg","timestamp":"2025-05-13T13:30:57.063Z"}
{"level":"error","message":"404 Not Found: GET /kovrov/photo/placeholder.jpg","timestamp":"2025-05-13T13:30:57.076Z"}
{"level":"error","message":"404 Not Found: GET /kovrov/photo/placeholder.jpg","timestamp":"2025-05-13T13:30:57.098Z"}
{"level":"error","message":"404 Not Found: GET /kovrov/photo/placeholder.jpg","timestamp":"2025-05-13T13:30:57.123Z"}
{"level":"error","message":"404 Not Found: GET /kovrov/photo/placeholder.jpg","timestamp":"2025-05-13T13:30:57.137Z"}
{"level":"error","message":"404 Not Found: GET /kovrov/photo/placeholder.jpg","timestamp":"2025-05-13T13:30:57.169Z"}
{"level":"error","message":"404 Not Found: GET /kovrov/photo/placeholder.jpg","timestamp":"2025-05-13T13:30:57.191Z"}
{"level":"error","message":"404 Not Found: GET /kovrov/photo/placeholder.jpg","timestamp":"2025-05-13T13:30:57.203Z"}
{"level":"error","message":"404 Not Found: GET /kovrov/photo/placeholder.jpg","timestamp":"2025-05-13T13:30:57.221Z"}
{"level":"error","message":"404 Not Found: GET /kovrov/photo/placeholder.jpg","timestamp":"2025-05-13T13:30:57.234Z"}
{"level":"error","message":"404 Not Found: GET /kovrov/photo/placeholder.jpg","timestamp":"2025-05-13T13:30:57.248Z"}
{"level":"error","message":"404 Not Found: GET /kovrov/photo/placeholder.jpg","timestamp":"2025-05-13T13:30:57.268Z"}
{"level":"error","message":"404 Not Found: GET /kovrov/photo/placeholder.jpg","timestamp":"2025-05-13T13:30:57.284Z"}
{"level":"error","message":"404 Not Found: GET /kovrov/photo/placeholder.jpg","timestamp":"2025-05-13T13:30:57.302Z"}
{"level":"error","message":"404 Not Found: GET /kovrov/photo/placeholder.jpg","timestamp":"2025-05-13T13:30:57.326Z"}
{"level":"error","message":"404 Not Found: GET /kovrov/photo/placeholder.jpg","timestamp":"2025-05-13T13:30:57.355Z"}
{"level":"error","message":"404 Not Found: GET /kovrov/photo/placeholder.jpg","timestamp":"2025-05-13T13:30:57.374Z"}
{"level":"error","message":"404 Not Found: GET /kovrov/photo/placeholder.jpg","timestamp":"2025-05-13T13:30:57.383Z"}
{"level":"error","message":"404 Not Found: GET /kovrov/photo/placeholder.jpg","timestamp":"2025-05-13T13:30:57.395Z"}
{"level":"error","message":"404 Not Found: GET /kovrov/photo/placeholder.jpg","timestamp":"2025-05-13T13:30:57.411Z"}
{"level":"error","message":"404 Not Found: GET /kovrov/photo/placeholder.jpg","timestamp":"2025-05-13T13:30:57.436Z"}
{"level":"error","message":"404 Not Found: GET /kovrov/photo/placeholder.jpg","timestamp":"2025-05-13T13:30:57.452Z"}
{"level":"error","message":"404 Not Found: GET /kovrov/photo/placeholder.jpg","timestamp":"2025-05-13T13:30:57.470Z"}
{"level":"error","message":"404 Not Found: GET /kovrov/photo/placeholder.jpg","timestamp":"2025-05-13T13:30:57.480Z"}
{"level":"error","message":"404 Not Found: GET /kovrov/photo/placeholder.jpg","timestamp":"2025-05-13T13:30:57.500Z"}
{"level":"error","message":"404 Not Found: GET /kovrov/photo/placeholder.jpg","timestamp":"2025-05-13T13:30:57.530Z"}
{"level":"error","message":"404 Not Found: GET /kovrov/photo/placeholder.jpg","timestamp":"2025-05-13T13:30:57.567Z"}
{"level":"error","message":"404 Not Found: GET /kovrov/photo/placeholder.jpg","timestamp":"2025-05-13T13:30:57.585Z"}
{"level":"error","message":"404 Not Found: GET /kovrov/photo/placeholder.jpg","timestamp":"2025-05-13T13:30:57.635Z"}
{"level":"error","message":"404 Not Found: GET /kovrov/photo/placeholder.jpg","timestamp":"2025-05-13T13:30:57.651Z"}
{"level":"error","message":"404 Not Found: GET /kovrov/photo/placeholder.jpg","timestamp":"2025-05-13T13:30:57.685Z"}
{"level":"error","message":"404 Not Found: GET /kovrov/photo/placeholder.jpg","timestamp":"2025-05-13T13:30:57.721Z"}
{"level":"error","message":"404 Not Found: GET /kovrov/photo/placeholder.jpg","timestamp":"2025-05-13T13:30:57.743Z"}
{"level":"error","message":"404 Not Found: GET /kovrov/photo/placeholder.jpg","timestamp":"2025-05-13T13:30:57.752Z"}
{"level":"error","message":"404 Not Found: GET /kovrov/photo/placeholder.jpg","timestamp":"2025-05-13T13:30:57.768Z"}
{"level":"error","message":"404 Not Found: GET /kovrov/photo/placeholder.jpg","timestamp":"2025-05-13T13:30:57.805Z"}
{"level":"error","message":"404 Not Found: GET /kovrov/photo/placeholder.jpg","timestamp":"2025-05-13T13:30:57.826Z"}
{"level":"error","message":"404 Not Found: GET /kovrov/photo/placeholder.jpg","timestamp":"2025-05-13T13:30:57.846Z"}
{"level":"error","message":"404 Not Found: GET /kovrov/photo/placeholder.jpg","timestamp":"2025-05-13T13:30:57.858Z"}
{"level":"error","message":"404 Not Found: GET /kovrov/photo/placeholder.jpg","timestamp":"2025-05-13T13:30:57.881Z"}
{"level":"error","message":"404 Not Found: GET /kovrov/photo/placeholder.jpg","timestamp":"2025-05-13T13:30:57.920Z"}
{"level":"error","message":"404 Not Found: GET /kovrov/photo/placeholder.jpg","timestamp":"2025-05-13T13:30:57.946Z"}
{"level":"error","message":"404 Not Found: GET /kovrov/photo/placeholder.jpg","timestamp":"2025-05-13T13:30:57.987Z"}
{"level":"error","message":"404 Not Found: GET /kovrov/photo/placeholder.jpg","timestamp":"2025-05-13T13:30:58.009Z"}
{"level":"error","message":"404 Not Found: GET /kovrov/photo/placeholder.jpg","timestamp":"2025-05-13T13:30:58.020Z"}
{"level":"error","message":"404 Not Found: GET /kovrov/photo/placeholder.jpg","timestamp":"2025-05-13T13:30:58.035Z"}
{"level":"error","message":"404 Not Found: GET /kovrov/photo/placeholder.jpg","timestamp":"2025-05-13T13:30:58.051Z"}
{"level":"error","message":"404 Not Found: GET /kovrov/photo/placeholder.jpg","timestamp":"2025-05-13T13:30:58.079Z"}
{"level":"error","message":"404 Not Found: GET /kovrov/photo/placeholder.jpg","timestamp":"2025-05-13T13:30:58.088Z"}
{"level":"error","message":"404 Not Found: GET /kovrov/photo/placeholder.jpg","timestamp":"2025-05-13T13:30:58.117Z"}
{"level":"error","message":"404 Not Found: GET /kovrov/photo/placeholder.jpg","timestamp":"2025-05-13T13:30:58.126Z"}
{"level":"error","message":"404 Not Found: GET /kovrov/photo/placeholder.jpg","timestamp":"2025-05-13T13:30:58.141Z"}
{"level":"error","message":"404 Not Found: GET /kovrov/photo/placeholder.jpg","timestamp":"2025-05-13T13:30:58.174Z"}
{"level":"error","message":"404 Not Found: GET /kovrov/photo/placeholder.jpg","timestamp":"2025-05-13T13:30:58.185Z"}
{"level":"error","message":"404 Not Found: GET /kovrov/photo/placeholder.jpg","timestamp":"2025-05-13T13:30:58.196Z"}
{"level":"error","message":"404 Not Found: GET /kovrov/photo/placeholder.jpg","timestamp":"2025-05-13T13:30:58.219Z"}
{"level":"error","message":"404 Not Found: GET /kovrov/photo/placeholder.jpg","timestamp":"2025-05-13T13:30:58.236Z"}
{"level":"error","message":"404 Not Found: GET /kovrov/photo/placeholder.jpg","timestamp":"2025-05-13T13:30:58.252Z"}
{"level":"error","message":"404 Not Found: GET /kovrov/photo/placeholder.jpg","timestamp":"2025-05-13T13:30:58.266Z"}
{"level":"error","message":"404 Not Found: GET /kovrov/photo/placeholder.jpg","timestamp":"2025-05-13T13:30:58.280Z"}
{"level":"error","message":"404 Not Found: GET /kovrov/photo/placeholder.jpg","timestamp":"2025-05-13T13:30:58.299Z"}
{"level":"error","message":"404 Not Found: GET /kovrov/photo/placeholder.jpg","timestamp":"2025-05-13T13:30:58.318Z"}
{"level":"error","message":"404 Not Found: GET /kovrov/photo/placeholder.jpg","timestamp":"2025-05-13T13:30:58.333Z"}
{"level":"error","message":"404 Not Found: GET /kovrov/photo/placeholder.jpg","timestamp":"2025-05-13T13:30:58.344Z"}
{"level":"error","message":"404 Not Found: GET /kovrov/photo/placeholder.jpg","timestamp":"2025-05-13T13:30:58.365Z"}
{"level":"error","message":"404 Not Found: GET /kovrov/photo/placeholder.jpg","timestamp":"2025-05-13T13:30:58.383Z"}
{"level":"error","message":"404 Not Found: GET /kovrov/photo/placeholder.jpg","timestamp":"2025-05-13T13:30:58.398Z"}
{"level":"error","message":"404 Not Found: GET /kovrov/photo/placeholder.jpg","timestamp":"2025-05-13T13:30:58.411Z"}
{"level":"error","message":"404 Not Found: GET /kovrov/photo/placeholder.jpg","timestamp":"2025-05-13T13:30:58.422Z"}
{"level":"error","message":"404 Not Found: GET /kovrov/photo/placeholder.jpg","timestamp":"2025-05-13T13:30:58.432Z"}
{"level":"error","message":"404 Not Found: GET /kovrov/photo/placeholder.jpg","timestamp":"2025-05-13T13:30:58.455Z"}
{"level":"error","message":"404 Not Found: GET /kovrov/photo/placeholder.jpg","timestamp":"2025-05-13T13:30:58.474Z"}
{"level":"error","message":"404 Not Found: GET /cdn-cgi/scripts/5c5dd728/cloudflare-static/email-decode.min.js","timestamp":"2025-05-13T13:31:04.090Z"}
{"level":"error","message":"404 Not Found: GET /cdn-cgi/scripts/5c5dd728/cloudflare-static/email-decode.min.js","timestamp":"2025-05-13T13:31:04.211Z"}
