{"level":"error","message":"FRONTPAD_SECRET is not defined in environment variables","timestamp":"2025-05-09T21:15:55.136Z"}
{"level":"error","message":"FRONTPAD_SECRET is not defined in environment variables","timestamp":"2025-05-09T21:15:57.209Z"}
{"level":"error","message":"FRONTPAD_SECRET is not defined in environment variables","timestamp":"2025-05-09T21:15:59.291Z"}
{"level":"error","message":"FRONTPAD_SECRET_KOVROV not set in environment","timestamp":"2025-05-11T09:06:42.066Z"}
{"city":"kovrov","level":"error","message":"No Frontpad secret defined for city","timestamp":"2025-05-11T09:06:42.067Z"}
{"level":"error","message":"FRONTPAD_SECRET_KOVROV not set in environment","timestamp":"2025-05-11T09:09:32.383Z"}
{"city":"kovrov","level":"error","message":"No Frontpad secret defined for city","timestamp":"2025-05-11T09:09:32.385Z"}
{"level":"error","message":"FRONTPAD_SECRET_NNOVGOROD not set in environment","timestamp":"2025-05-12T18:29:42.128Z"}
{"city":"nnovgorod","level":"error","message":"No Frontpad secret defined for city","timestamp":"2025-05-12T18:29:42.129Z"}
{"level":"error","message":"FRONTPAD_SECRET_NNOVGOROD not set in environment","timestamp":"2025-05-12T18:31:05.097Z"}
{"city":"nnovgorod","level":"error","message":"No Frontpad secret defined for city","timestamp":"2025-05-12T18:31:05.098Z"}
{"level":"error","message":"FRONTPAD_SECRET_KOVROV not set in environment","timestamp":"2025-05-17T13:45:17.442Z"}
{"level":"error","message":"FRONTPAD_SECRET_KOVROV not set in environment","timestamp":"2025-05-17T13:45:17.524Z"}
{"level":"error","message":"FRONTPAD_SECRET_KOVROV not set in environment","timestamp":"2025-05-17T13:45:39.283Z"}
{"level":"error","message":"FRONTPAD_SECRET_KOVROV not set in environment","timestamp":"2025-05-17T13:45:39.381Z"}
{"level":"error","message":"FRONTPAD_SECRET_KOVROV not set in environment","timestamp":"2025-05-17T13:56:43.913Z"}
{"level":"error","message":"FRONTPAD_SECRET_KOVROV not set in environment","timestamp":"2025-05-17T13:56:43.940Z"}
{"level":"error","message":"FRONTPAD_SECRET_KOVROV not set in environment","timestamp":"2025-05-17T13:56:43.974Z"}
{"level":"error","message":"FRONTPAD_SECRET_KOVROV not set in environment","timestamp":"2025-05-17T13:56:43.988Z"}
{"level":"error","message":"FRONTPAD_SECRET_KOVROV not set in environment","timestamp":"2025-05-17T13:56:44.002Z"}
{"level":"error","message":"FRONTPAD_SECRET_KOVROV not set in environment","timestamp":"2025-05-17T13:56:44.015Z"}
{"level":"error","message":"FRONTPAD_SECRET_NNOVGOROD not set in environment","timestamp":"2025-05-20T13:50:59.709Z"}
{"city":"nnovgorod","level":"error","message":"No Frontpad secret defined for city","timestamp":"2025-05-20T13:50:59.709Z"}
{"level":"error","message":"FRONTPAD_SECRET_KOVROV not set in environment","timestamp":"2025-05-22T12:19:20.530Z"}
{"city":"kovrov","level":"error","message":"No Frontpad secret defined for city","timestamp":"2025-05-22T12:19:20.530Z"}
{"level":"error","message":"FRONTPAD_SECRET_NNOVGOROD not set in environment","timestamp":"2025-05-22T17:50:22.440Z"}
{"city":"nnovgorod","level":"error","message":"No Frontpad secret defined for city","timestamp":"2025-05-22T17:50:22.441Z"}
{"level":"error","message":"FRONTPAD_SECRET_KOVROV not set in environment","timestamp":"2025-05-31T21:59:29.475Z"}
{"city":"kovrov","level":"error","message":"No Frontpad secret defined for city","timestamp":"2025-05-31T21:59:29.476Z"}
{"level":"error","message":"FRONTPAD_SECRET_KOVROV not set in environment","timestamp":"2025-05-31T22:05:32.073Z"}
{"city":"kovrov","level":"error","message":"No Frontpad secret defined for city","timestamp":"2025-05-31T22:05:32.074Z"}
{"level":"error","message":"FRONTPAD_SECRET_KOVROV not set in environment","timestamp":"2025-05-31T22:19:46.015Z"}
{"city":"kovrov","level":"error","message":"No Frontpad secret defined for city","timestamp":"2025-05-31T22:19:46.017Z"}
{"level":"error","message":"FRONTPAD_SECRET_KOVROV not set in environment","timestamp":"2025-06-01T09:25:24.410Z"}
{"city":"kovrov","level":"error","message":"No Frontpad secret defined for city","timestamp":"2025-06-01T09:25:24.411Z"}
{"level":"error","message":"FRONTPAD_SECRET_KOVROV not set in environment","timestamp":"2025-06-01T11:13:14.329Z"}
{"city":"kovrov","level":"error","message":"No Frontpad secret defined for city","timestamp":"2025-06-01T11:13:14.330Z"}
{"level":"error","message":"FRONTPAD_SECRET_KOVROV not set in environment","timestamp":"2025-06-01T11:14:25.526Z"}
{"city":"kovrov","level":"error","message":"No Frontpad secret defined for city","timestamp":"2025-06-01T11:14:25.528Z"}
{"level":"error","message":"FRONTPAD_SECRET_KOVROV not set in environment","timestamp":"2025-06-01T11:23:01.532Z"}
{"city":"kovrov","level":"error","message":"No Frontpad secret defined for city","timestamp":"2025-06-01T11:23:01.533Z"}
{"level":"error","message":"FRONTPAD_SECRET_KOVROV not set in environment","timestamp":"2025-06-01T11:23:20.984Z"}
{"city":"kovrov","level":"error","message":"No Frontpad secret defined for city","timestamp":"2025-06-01T11:23:20.985Z"}
{"level":"error","message":"FRONTPAD_SECRET_KOVROV not set in environment","timestamp":"2025-06-01T11:29:47.356Z"}
{"city":"kovrov","level":"error","message":"No Frontpad secret defined for city","timestamp":"2025-06-01T11:29:47.358Z"}
{"level":"error","message":"FRONTPAD_SECRET_KOVROV not set in environment","timestamp":"2025-06-01T11:30:43.204Z"}
{"city":"kovrov","level":"error","message":"No Frontpad secret defined for city","timestamp":"2025-06-01T11:30:43.208Z"}
{"level":"error","message":"FRONTPAD_SECRET_KOVROV not set in environment","timestamp":"2025-06-01T11:31:31.075Z"}
{"city":"kovrov","level":"error","message":"No Frontpad secret defined for city","timestamp":"2025-06-01T11:31:31.075Z"}
{"level":"error","message":"FRONTPAD_SECRET_KOVROV not set in environment","timestamp":"2025-06-01T11:42:14.767Z"}
{"city":"kovrov","level":"error","message":"No Frontpad secret defined for city","timestamp":"2025-06-01T11:42:14.770Z"}
{"level":"error","message":"FRONTPAD_SECRET_KOVROV not set in environment","timestamp":"2025-06-01T11:42:38.964Z"}
{"city":"kovrov","level":"error","message":"No Frontpad secret defined for city","timestamp":"2025-06-01T11:42:38.966Z"}
{"level":"error","message":"FRONTPAD_SECRET_KOVROV not set in environment","timestamp":"2025-06-01T14:39:54.520Z"}
{"city":"kovrov","level":"error","message":"No Frontpad secret defined for city","timestamp":"2025-06-01T14:39:54.526Z"}
{"level":"error","message":"FRONTPAD_SECRET_KOVROV not set in environment","timestamp":"2025-06-01T14:47:13.253Z"}
{"city":"kovrov","level":"error","message":"No Frontpad secret defined for city","timestamp":"2025-06-01T14:47:13.254Z"}
{"level":"error","message":"FRONTPAD_SECRET_NNOVGOROD not set in environment","timestamp":"2025-06-03T19:55:26.629Z"}
{"city":"nnovgorod","level":"error","message":"No Frontpad secret defined for city","timestamp":"2025-06-03T19:55:26.631Z"}
{"level":"error","message":"FRONTPAD_SECRET_NNOVGOROD not set in environment","timestamp":"2025-06-03T19:55:54.554Z"}
{"city":"nnovgorod","level":"error","message":"No Frontpad secret defined for city","timestamp":"2025-06-03T19:55:54.557Z"}
{"level":"error","message":"FRONTPAD_SECRET_NNOVGOROD not set in environment","timestamp":"2025-06-03T19:56:38.056Z"}
{"city":"nnovgorod","level":"error","message":"No Frontpad secret defined for city","timestamp":"2025-06-03T19:56:38.059Z"}
{"level":"error","message":"FRONTPAD_SECRET_NNOVGOROD not set in environment","timestamp":"2025-06-03T20:02:56.156Z"}
{"city":"nnovgorod","level":"error","message":"No Frontpad secret defined for city","timestamp":"2025-06-03T20:02:56.157Z"}
{"level":"error","message":"FRONTPAD_SECRET_NNOVGOROD not set in environment","timestamp":"2025-06-03T20:04:40.273Z"}
{"city":"nnovgorod","level":"error","message":"No Frontpad secret defined for city","timestamp":"2025-06-03T20:04:40.277Z"}
